CRITICAL - 2022-03-21 19:05:28 --> The framework needs the following extension(s) installed and loaded: intl.
#0 C:\Users\Chloe\Documents\Cours2A\Projet\site\MonkeFlip\system\CodeIgniter.php(219): CodeIgniter\Exceptions\FrameworkException::forMissingExtension('intl')
#1 C:\Users\Chloe\Documents\Cours2A\Projet\site\MonkeFlip\system\CodeIgniter.php(177): CodeIgniter\CodeIgniter->resolvePlatformExtensions()
#2 C:\Users\Chloe\Documents\Cours2A\Projet\site\MonkeFlip\system\bootstrap.php(146): CodeIgniter\CodeIgniter->initialize()
#3 C:\Users\Chloe\Documents\Cours2A\Projet\site\MonkeFlip\public\index.php(28): require('C:\\Users\\Chloe\\...')
#4 {main}
CRITICAL - 2022-03-21 19:05:38 --> The framework needs the following extension(s) installed and loaded: intl.
#0 C:\Users\Chloe\Documents\Cours2A\Projet\site\MonkeFlip\system\CodeIgniter.php(219): CodeIgniter\Exceptions\FrameworkException::forMissingExtension('intl')
#1 C:\Users\Chloe\Documents\Cours2A\Projet\site\MonkeFlip\system\CodeIgniter.php(177): CodeIgniter\CodeIgniter->resolvePlatformExtensions()
#2 C:\Users\Chloe\Documents\Cours2A\Projet\site\MonkeFlip\system\bootstrap.php(146): CodeIgniter\CodeIgniter->initialize()
#3 C:\Users\Chloe\Documents\Cours2A\Projet\site\MonkeFlip\public\index.php(28): require('C:\\Users\\Chloe\\...')
#4 {main}
CRITICAL - 2022-03-21 19:09:09 --> The framework needs the following extension(s) installed and loaded: intl.
#0 C:\Users\Chloe\Documents\Cours2A\Projet\site\MonkeFlip\system\CodeIgniter.php(219): CodeIgniter\Exceptions\FrameworkException::forMissingExtension('intl')
#1 C:\Users\Chloe\Documents\Cours2A\Projet\site\MonkeFlip\system\CodeIgniter.php(177): CodeIgniter\CodeIgniter->resolvePlatformExtensions()
#2 C:\Users\Chloe\Documents\Cours2A\Projet\site\MonkeFlip\system\bootstrap.php(146): CodeIgniter\CodeIgniter->initialize()
#3 C:\Users\Chloe\Documents\Cours2A\Projet\site\MonkeFlip\public\index.php(28): require('C:\\Users\\Chloe\\...')
#4 {main}
CRITICAL - 2022-03-21 19:30:46 --> The framework needs the following extension(s) installed and loaded: intl.
#0 C:\Users\Chloe\Documents\Cours2A\Projet\site\MonkeFlip\system\CodeIgniter.php(219): CodeIgniter\Exceptions\FrameworkException::forMissingExtension('intl')
#1 C:\Users\Chloe\Documents\Cours2A\Projet\site\MonkeFlip\system\CodeIgniter.php(177): CodeIgniter\CodeIgniter->resolvePlatformExtensions()
#2 C:\Users\Chloe\Documents\Cours2A\Projet\site\MonkeFlip\system\bootstrap.php(146): CodeIgniter\CodeIgniter->initialize()
#3 C:\Users\Chloe\Documents\Cours2A\Projet\site\MonkeFlip\public\index.php(28): require('C:\\Users\\Chloe\\...')
#4 {main}
CRITICAL - 2022-03-21 19:33:16 --> The framework needs the following extension(s) installed and loaded: intl.
#0 C:\Users\Chloe\Documents\Cours2A\Projet\site\MonkeFlip\system\CodeIgniter.php(219): CodeIgniter\Exceptions\FrameworkException::forMissingExtension('intl')
#1 C:\Users\Chloe\Documents\Cours2A\Projet\site\MonkeFlip\system\CodeIgniter.php(177): CodeIgniter\CodeIgniter->resolvePlatformExtensions()
#2 C:\Users\Chloe\Documents\Cours2A\Projet\site\MonkeFlip\system\bootstrap.php(146): CodeIgniter\CodeIgniter->initialize()
#3 C:\Users\Chloe\Documents\Cours2A\Projet\site\MonkeFlip\public\index.php(28): require('C:\\Users\\Chloe\\...')
#4 {main}
CRITICAL - 2022-03-21 19:33:29 --> The framework needs the following extension(s) installed and loaded: intl.
#0 C:\Users\Chloe\Documents\Cours2A\Projet\site\MonkeFlip\system\CodeIgniter.php(219): CodeIgniter\Exceptions\FrameworkException::forMissingExtension('intl')
#1 C:\Users\Chloe\Documents\Cours2A\Projet\site\MonkeFlip\system\CodeIgniter.php(177): CodeIgniter\CodeIgniter->resolvePlatformExtensions()
#2 C:\Users\Chloe\Documents\Cours2A\Projet\site\MonkeFlip\system\bootstrap.php(146): CodeIgniter\CodeIgniter->initialize()
#3 C:\Users\Chloe\Documents\Cours2A\Projet\site\MonkeFlip\public\index.php(28): require('C:\\Users\\Chloe\\...')
#4 {main}
CRITICAL - 2022-03-21 19:34:35 --> The framework needs the following extension(s) installed and loaded: intl.
#0 C:\Users\Chloe\Documents\Cours2A\Projet\site\MonkeFlip\system\CodeIgniter.php(219): CodeIgniter\Exceptions\FrameworkException::forMissingExtension('intl')
#1 C:\Users\Chloe\Documents\Cours2A\Projet\site\MonkeFlip\system\CodeIgniter.php(177): CodeIgniter\CodeIgniter->resolvePlatformExtensions()
#2 C:\Users\Chloe\Documents\Cours2A\Projet\site\MonkeFlip\system\bootstrap.php(146): CodeIgniter\CodeIgniter->initialize()
#3 C:\Users\Chloe\Documents\Cours2A\Projet\site\MonkeFlip\public\index.php(28): require('C:\\Users\\Chloe\\...')
#4 {main}
CRITICAL - 2022-03-21 19:43:06 --> The framework needs the following extension(s) installed and loaded: intl.
#0 C:\Users\Chloe\Documents\Cours2A\Projet\site\MonkeFlip\system\CodeIgniter.php(219): CodeIgniter\Exceptions\FrameworkException::forMissingExtension('intl')
#1 C:\Users\Chloe\Documents\Cours2A\Projet\site\MonkeFlip\system\CodeIgniter.php(177): CodeIgniter\CodeIgniter->resolvePlatformExtensions()
#2 C:\Users\Chloe\Documents\Cours2A\Projet\site\MonkeFlip\system\bootstrap.php(146): CodeIgniter\CodeIgniter->initialize()
#3 C:\Users\Chloe\Documents\Cours2A\Projet\site\MonkeFlip\public\index.php(28): require('C:\\Users\\Chloe\\...')
#4 {main}
CRITICAL - 2022-03-21 19:43:08 --> The framework needs the following extension(s) installed and loaded: intl.
#0 C:\Users\Chloe\Documents\Cours2A\Projet\site\MonkeFlip\system\CodeIgniter.php(219): CodeIgniter\Exceptions\FrameworkException::forMissingExtension('intl')
#1 C:\Users\Chloe\Documents\Cours2A\Projet\site\MonkeFlip\system\CodeIgniter.php(177): CodeIgniter\CodeIgniter->resolvePlatformExtensions()
#2 C:\Users\Chloe\Documents\Cours2A\Projet\site\MonkeFlip\system\bootstrap.php(146): CodeIgniter\CodeIgniter->initialize()
#3 C:\Users\Chloe\Documents\Cours2A\Projet\site\MonkeFlip\public\index.php(28): require('C:\\Users\\Chloe\\...')
#4 {main}
CRITICAL - 2022-03-21 19:43:14 --> The framework needs the following extension(s) installed and loaded: intl.
#0 C:\Users\Chloe\Documents\Cours2A\Projet\site\MonkeFlip\system\CodeIgniter.php(219): CodeIgniter\Exceptions\FrameworkException::forMissingExtension('intl')
#1 C:\Users\Chloe\Documents\Cours2A\Projet\site\MonkeFlip\system\CodeIgniter.php(177): CodeIgniter\CodeIgniter->resolvePlatformExtensions()
#2 C:\Users\Chloe\Documents\Cours2A\Projet\site\MonkeFlip\system\bootstrap.php(146): CodeIgniter\CodeIgniter->initialize()
#3 C:\Users\Chloe\Documents\Cours2A\Projet\site\MonkeFlip\public\index.php(28): require('C:\\Users\\Chloe\\...')
#4 {main}
CRITICAL - 2022-03-21 19:45:12 --> The framework needs the following extension(s) installed and loaded: intl.
#0 C:\Users\Chloe\Documents\Cours2A\Projet\site\MonkeFlip\system\CodeIgniter.php(219): CodeIgniter\Exceptions\FrameworkException::forMissingExtension('intl')
#1 C:\Users\Chloe\Documents\Cours2A\Projet\site\MonkeFlip\system\CodeIgniter.php(177): CodeIgniter\CodeIgniter->resolvePlatformExtensions()
#2 C:\Users\Chloe\Documents\Cours2A\Projet\site\MonkeFlip\system\bootstrap.php(146): CodeIgniter\CodeIgniter->initialize()
#3 C:\Users\Chloe\Documents\Cours2A\Projet\site\MonkeFlip\public\index.php(28): require('C:\\Users\\Chloe\\...')
#4 {main}
CRITICAL - 2022-03-21 19:45:15 --> The framework needs the following extension(s) installed and loaded: intl.
#0 C:\Users\Chloe\Documents\Cours2A\Projet\site\MonkeFlip\system\CodeIgniter.php(219): CodeIgniter\Exceptions\FrameworkException::forMissingExtension('intl')
#1 C:\Users\Chloe\Documents\Cours2A\Projet\site\MonkeFlip\system\CodeIgniter.php(177): CodeIgniter\CodeIgniter->resolvePlatformExtensions()
#2 C:\Users\Chloe\Documents\Cours2A\Projet\site\MonkeFlip\system\bootstrap.php(146): CodeIgniter\CodeIgniter->initialize()
#3 C:\Users\Chloe\Documents\Cours2A\Projet\site\MonkeFlip\public\index.php(28): require('C:\\Users\\Chloe\\...')
#4 {main}
CRITICAL - 2022-03-21 19:45:44 --> The framework needs the following extension(s) installed and loaded: intl.
#0 C:\Users\Chloe\Documents\Cours2A\Projet\site\MonkeFlip\system\CodeIgniter.php(219): CodeIgniter\Exceptions\FrameworkException::forMissingExtension('intl')
#1 C:\Users\Chloe\Documents\Cours2A\Projet\site\MonkeFlip\system\CodeIgniter.php(177): CodeIgniter\CodeIgniter->resolvePlatformExtensions()
#2 C:\Users\Chloe\Documents\Cours2A\Projet\site\MonkeFlip\system\bootstrap.php(146): CodeIgniter\CodeIgniter->initialize()
#3 C:\Users\Chloe\Documents\Cours2A\Projet\site\MonkeFlip\public\index.php(28): require('C:\\Users\\Chloe\\...')
#4 {main}
CRITICAL - 2022-03-21 19:45:50 --> The framework needs the following extension(s) installed and loaded: intl.
#0 C:\Users\Chloe\Documents\Cours2A\Projet\site\MonkeFlip\system\CodeIgniter.php(219): CodeIgniter\Exceptions\FrameworkException::forMissingExtension('intl')
#1 C:\Users\Chloe\Documents\Cours2A\Projet\site\MonkeFlip\system\CodeIgniter.php(177): CodeIgniter\CodeIgniter->resolvePlatformExtensions()
#2 C:\Users\Chloe\Documents\Cours2A\Projet\site\MonkeFlip\system\bootstrap.php(146): CodeIgniter\CodeIgniter->initialize()
#3 C:\Users\Chloe\Documents\Cours2A\Projet\site\MonkeFlip\public\index.php(28): require('C:\\Users\\Chloe\\...')
#4 {main}
CRITICAL - 2022-03-21 14:53:02 --> Undefined variable $titre
#0 C:\Users\Chloe\Documents\Cours2A\Projet\site\MonkeFlip\app\Views\template.php(7): CodeIgniter\Debug\Exceptions->errorHandler(2, 'Undefined varia...', 'C:\\Users\\Chloe\\...', 7)
#1 C:\Users\Chloe\Documents\Cours2A\Projet\site\MonkeFlip\system\View\View.php(210): include('C:\\Users\\Chloe\\...')
#2 C:\Users\Chloe\Documents\Cours2A\Projet\site\MonkeFlip\system\View\View.php(213): CodeIgniter\View\View->CodeIgniter\View\{closure}()
#3 C:\Users\Chloe\Documents\Cours2A\Projet\site\MonkeFlip\system\Common.php(1089): CodeIgniter\View\View->render('template', Array, true)
#4 C:\Users\Chloe\Documents\Cours2A\Projet\site\MonkeFlip\app\Controllers\Home.php(9): view('template')
#5 C:\Users\Chloe\Documents\Cours2A\Projet\site\MonkeFlip\system\CodeIgniter.php(832): App\Controllers\Home->index()
#6 C:\Users\Chloe\Documents\Cours2A\Projet\site\MonkeFlip\system\CodeIgniter.php(419): CodeIgniter\CodeIgniter->runController(Object(App\Controllers\Home))
#7 C:\Users\Chloe\Documents\Cours2A\Projet\site\MonkeFlip\system\CodeIgniter.php(326): CodeIgniter\CodeIgniter->handleRequest(NULL, Object(Config\Cache), false)
#8 C:\Users\Chloe\Documents\Cours2A\Projet\site\MonkeFlip\public\index.php(37): CodeIgniter\CodeIgniter->run()
#9 {main}
CRITICAL - 2022-03-21 14:53:42 --> Undefined variable $titre
#0 C:\Users\Chloe\Documents\Cours2A\Projet\site\MonkeFlip\app\Views\template.php(7): CodeIgniter\Debug\Exceptions->errorHandler(2, 'Undefined varia...', 'C:\\Users\\Chloe\\...', 7)
#1 C:\Users\Chloe\Documents\Cours2A\Projet\site\MonkeFlip\system\View\View.php(210): include('C:\\Users\\Chloe\\...')
#2 C:\Users\Chloe\Documents\Cours2A\Projet\site\MonkeFlip\system\View\View.php(213): CodeIgniter\View\View->CodeIgniter\View\{closure}()
#3 C:\Users\Chloe\Documents\Cours2A\Projet\site\MonkeFlip\system\Common.php(1089): CodeIgniter\View\View->render('template', Array, true)
#4 C:\Users\Chloe\Documents\Cours2A\Projet\site\MonkeFlip\app\Controllers\Home.php(9): view('template')
#5 C:\Users\Chloe\Documents\Cours2A\Projet\site\MonkeFlip\system\CodeIgniter.php(832): App\Controllers\Home->index()
#6 C:\Users\Chloe\Documents\Cours2A\Projet\site\MonkeFlip\system\CodeIgniter.php(419): CodeIgniter\CodeIgniter->runController(Object(App\Controllers\Home))
#7 C:\Users\Chloe\Documents\Cours2A\Projet\site\MonkeFlip\system\CodeIgniter.php(326): CodeIgniter\CodeIgniter->handleRequest(NULL, Object(Config\Cache), false)
#8 C:\Users\Chloe\Documents\Cours2A\Projet\site\MonkeFlip\public\index.php(37): CodeIgniter\CodeIgniter->run()
#9 {main}
CRITICAL - 2022-03-21 14:53:43 --> Undefined variable $titre
#0 C:\Users\Chloe\Documents\Cours2A\Projet\site\MonkeFlip\app\Views\template.php(7): CodeIgniter\Debug\Exceptions->errorHandler(2, 'Undefined varia...', 'C:\\Users\\Chloe\\...', 7)
#1 C:\Users\Chloe\Documents\Cours2A\Projet\site\MonkeFlip\system\View\View.php(210): include('C:\\Users\\Chloe\\...')
#2 C:\Users\Chloe\Documents\Cours2A\Projet\site\MonkeFlip\system\View\View.php(213): CodeIgniter\View\View->CodeIgniter\View\{closure}()
#3 C:\Users\Chloe\Documents\Cours2A\Projet\site\MonkeFlip\system\Common.php(1089): CodeIgniter\View\View->render('template', Array, true)
#4 C:\Users\Chloe\Documents\Cours2A\Projet\site\MonkeFlip\app\Controllers\Home.php(9): view('template')
#5 C:\Users\Chloe\Documents\Cours2A\Projet\site\MonkeFlip\system\CodeIgniter.php(832): App\Controllers\Home->index()
#6 C:\Users\Chloe\Documents\Cours2A\Projet\site\MonkeFlip\system\CodeIgniter.php(419): CodeIgniter\CodeIgniter->runController(Object(App\Controllers\Home))
#7 C:\Users\Chloe\Documents\Cours2A\Projet\site\MonkeFlip\system\CodeIgniter.php(326): CodeIgniter\CodeIgniter->handleRequest(NULL, Object(Config\Cache), false)
#8 C:\Users\Chloe\Documents\Cours2A\Projet\site\MonkeFlip\public\index.php(37): CodeIgniter\CodeIgniter->run()
#9 {main}
CRITICAL - 2022-03-21 14:55:27 --> syntax error, unexpected token ";", expecting "function" or "const"
#0 C:\Users\Chloe\Documents\Cours2A\Projet\site\MonkeFlip\system\Autoloader\Autoloader.php(241): CodeIgniter\Autoloader\Autoloader->includeFile('C:\\Users\\Chloe\\...')
#1 C:\Users\Chloe\Documents\Cours2A\Projet\site\MonkeFlip\system\Autoloader\Autoloader.php(219): CodeIgniter\Autoloader\Autoloader->loadInNamespace('App\\Controllers...')
#2 [internal function]: CodeIgniter\Autoloader\Autoloader->loadClass('App\\Controllers...')
#3 C:\Users\Chloe\Documents\Cours2A\Projet\site\MonkeFlip\system\CodeIgniter.php(797): class_exists('\\App\\Controller...', true)
#4 C:\Users\Chloe\Documents\Cours2A\Projet\site\MonkeFlip\system\CodeIgniter.php(406): CodeIgniter\CodeIgniter->startController()
#5 C:\Users\Chloe\Documents\Cours2A\Projet\site\MonkeFlip\system\CodeIgniter.php(326): CodeIgniter\CodeIgniter->handleRequest(NULL, Object(Config\Cache), false)
#6 C:\Users\Chloe\Documents\Cours2A\Projet\site\MonkeFlip\public\index.php(37): CodeIgniter\CodeIgniter->run()
#7 {main}
CRITICAL - 2022-03-21 14:56:00 --> Undefined property: CodeIgniter\View\View::$load
#0 C:\Users\Chloe\Documents\Cours2A\Projet\site\MonkeFlip\app\Views\template.php(19): CodeIgniter\Debug\Exceptions->errorHandler(2, 'Undefined prope...', 'C:\\Users\\Chloe\\...', 19)
#1 C:\Users\Chloe\Documents\Cours2A\Projet\site\MonkeFlip\system\View\View.php(210): include('C:\\Users\\Chloe\\...')
#2 C:\Users\Chloe\Documents\Cours2A\Projet\site\MonkeFlip\system\View\View.php(213): CodeIgniter\View\View->CodeIgniter\View\{closure}()
#3 C:\Users\Chloe\Documents\Cours2A\Projet\site\MonkeFlip\system\Common.php(1089): CodeIgniter\View\View->render('template', Array, true)
#4 C:\Users\Chloe\Documents\Cours2A\Projet\site\MonkeFlip\app\Controllers\Main_controlleur.php(13): view('template', Array)
#5 C:\Users\Chloe\Documents\Cours2A\Projet\site\MonkeFlip\system\CodeIgniter.php(832): App\Controllers\Main_controlleur->index()
#6 C:\Users\Chloe\Documents\Cours2A\Projet\site\MonkeFlip\system\CodeIgniter.php(419): CodeIgniter\CodeIgniter->runController(Object(App\Controllers\Main_controlleur))
#7 C:\Users\Chloe\Documents\Cours2A\Projet\site\MonkeFlip\system\CodeIgniter.php(326): CodeIgniter\CodeIgniter->handleRequest(NULL, Object(Config\Cache), false)
#8 C:\Users\Chloe\Documents\Cours2A\Projet\site\MonkeFlip\public\index.php(37): CodeIgniter\CodeIgniter->run()
#9 {main}
CRITICAL - 2022-03-21 14:56:44 --> Undefined property: CodeIgniter\View\View::$load
#0 C:\Users\Chloe\Documents\Cours2A\Projet\site\MonkeFlip\app\Views\template.php(24): CodeIgniter\Debug\Exceptions->errorHandler(2, 'Undefined prope...', 'C:\\Users\\Chloe\\...', 24)
#1 C:\Users\Chloe\Documents\Cours2A\Projet\site\MonkeFlip\system\View\View.php(210): include('C:\\Users\\Chloe\\...')
#2 C:\Users\Chloe\Documents\Cours2A\Projet\site\MonkeFlip\system\View\View.php(213): CodeIgniter\View\View->CodeIgniter\View\{closure}()
#3 C:\Users\Chloe\Documents\Cours2A\Projet\site\MonkeFlip\system\Common.php(1089): CodeIgniter\View\View->render('template', Array, true)
#4 C:\Users\Chloe\Documents\Cours2A\Projet\site\MonkeFlip\app\Controllers\Main_controlleur.php(13): view('template', Array)
#5 C:\Users\Chloe\Documents\Cours2A\Projet\site\MonkeFlip\system\CodeIgniter.php(832): App\Controllers\Main_controlleur->index()
#6 C:\Users\Chloe\Documents\Cours2A\Projet\site\MonkeFlip\system\CodeIgniter.php(419): CodeIgniter\CodeIgniter->runController(Object(App\Controllers\Main_controlleur))
#7 C:\Users\Chloe\Documents\Cours2A\Projet\site\MonkeFlip\system\CodeIgniter.php(326): CodeIgniter\CodeIgniter->handleRequest(NULL, Object(Config\Cache), false)
#8 C:\Users\Chloe\Documents\Cours2A\Projet\site\MonkeFlip\public\index.php(37): CodeIgniter\CodeIgniter->run()
#9 {main}
CRITICAL - 2022-03-21 14:58:42 --> Undefined property: CodeIgniter\View\View::$load
#0 C:\Users\Chloe\Documents\Cours2A\Projet\site\MonkeFlip\app\Views\compte.php(12): CodeIgniter\Debug\Exceptions->errorHandler(2, 'Undefined prope...', 'C:\\Users\\Chloe\\...', 12)
#1 C:\Users\Chloe\Documents\Cours2A\Projet\site\MonkeFlip\system\View\View.php(210): include('C:\\Users\\Chloe\\...')
#2 C:\Users\Chloe\Documents\Cours2A\Projet\site\MonkeFlip\system\View\View.php(213): CodeIgniter\View\View->CodeIgniter\View\{closure}()
#3 C:\Users\Chloe\Documents\Cours2A\Projet\site\MonkeFlip\system\Common.php(1089): CodeIgniter\View\View->render('compte', Array, true)
#4 C:\Users\Chloe\Documents\Cours2A\Projet\site\MonkeFlip\app\Views\template.php(24): view('compte')
#5 C:\Users\Chloe\Documents\Cours2A\Projet\site\MonkeFlip\system\View\View.php(210): include('C:\\Users\\Chloe\\...')
#6 C:\Users\Chloe\Documents\Cours2A\Projet\site\MonkeFlip\system\View\View.php(213): CodeIgniter\View\View->CodeIgniter\View\{closure}()
#7 C:\Users\Chloe\Documents\Cours2A\Projet\site\MonkeFlip\system\Common.php(1089): CodeIgniter\View\View->render('template', Array, true)
#8 C:\Users\Chloe\Documents\Cours2A\Projet\site\MonkeFlip\app\Controllers\Main_controlleur.php(55): view('template', Array)
#9 C:\Users\Chloe\Documents\Cours2A\Projet\site\MonkeFlip\system\CodeIgniter.php(832): App\Controllers\Main_controlleur->compte()
#10 C:\Users\Chloe\Documents\Cours2A\Projet\site\MonkeFlip\system\CodeIgniter.php(419): CodeIgniter\CodeIgniter->runController(Object(App\Controllers\Main_controlleur))
#11 C:\Users\Chloe\Documents\Cours2A\Projet\site\MonkeFlip\system\CodeIgniter.php(326): CodeIgniter\CodeIgniter->handleRequest(NULL, Object(Config\Cache), false)
#12 C:\Users\Chloe\Documents\Cours2A\Projet\site\MonkeFlip\public\index.php(37): CodeIgniter\CodeIgniter->run()
#13 {main}
