CRITICAL - 2022-03-27 05:33:31 --> Class "Web3\Web3" not found
#0 C:\Users\Chloe\Documents\Cours2A\Projet\site\MonkeFlip\system\Autoloader\Autoloader.php(264): include_once()
#1 C:\Users\Chloe\Documents\Cours2A\Projet\site\MonkeFlip\system\Autoloader\Autoloader.php(241): CodeIgniter\Autoloader\Autoloader->includeFile('C:\\Users\\Chloe\\...')
#2 C:\Users\Chloe\Documents\Cours2A\Projet\site\MonkeFlip\system\Autoloader\Autoloader.php(219): CodeIgniter\Autoloader\Autoloader->loadInNamespace('App\\Models\\main')
#3 [internal function]: CodeIgniter\Autoloader\Autoloader->loadClass('App\\Models\\main')
#4 C:\Users\Chloe\Documents\Cours2A\Projet\site\MonkeFlip\system\Config\Factories.php(136): class_exists('App\\Models\\main')
#5 C:\Users\Chloe\Documents\Cours2A\Projet\site\MonkeFlip\system\Config\Factories.php(106): CodeIgniter\Config\Factories::locateClass(Array, 'main')
#6 C:\Users\Chloe\Documents\Cours2A\Projet\site\MonkeFlip\system\Common.php(780): CodeIgniter\Config\Factories::__callStatic('models', Array)
#7 C:\Users\Chloe\Documents\Cours2A\Projet\site\MonkeFlip\app\Views\compte.php(12): model('main')
#8 C:\Users\Chloe\Documents\Cours2A\Projet\site\MonkeFlip\system\View\View.php(210): include('C:\\Users\\Chloe\\...')
#9 C:\Users\Chloe\Documents\Cours2A\Projet\site\MonkeFlip\system\View\View.php(213): CodeIgniter\View\View->CodeIgniter\View\{closure}()
#10 C:\Users\Chloe\Documents\Cours2A\Projet\site\MonkeFlip\system\Common.php(1089): CodeIgniter\View\View->render('compte', Array, true)
#11 C:\Users\Chloe\Documents\Cours2A\Projet\site\MonkeFlip\app\Views\template.php(24): view('compte')
#12 C:\Users\Chloe\Documents\Cours2A\Projet\site\MonkeFlip\system\View\View.php(210): include('C:\\Users\\Chloe\\...')
#13 C:\Users\Chloe\Documents\Cours2A\Projet\site\MonkeFlip\system\View\View.php(213): CodeIgniter\View\View->CodeIgniter\View\{closure}()
#14 C:\Users\Chloe\Documents\Cours2A\Projet\site\MonkeFlip\system\Common.php(1089): CodeIgniter\View\View->render('template', Array, true)
#15 C:\Users\Chloe\Documents\Cours2A\Projet\site\MonkeFlip\app\Controllers\Main_controlleur.php(55): view('template', Array)
#16 C:\Users\Chloe\Documents\Cours2A\Projet\site\MonkeFlip\system\CodeIgniter.php(832): App\Controllers\Main_controlleur->compte()
#17 C:\Users\Chloe\Documents\Cours2A\Projet\site\MonkeFlip\system\CodeIgniter.php(419): CodeIgniter\CodeIgniter->runController(Object(App\Controllers\Main_controlleur))
#18 C:\Users\Chloe\Documents\Cours2A\Projet\site\MonkeFlip\system\CodeIgniter.php(326): CodeIgniter\CodeIgniter->handleRequest(NULL, Object(Config\Cache), false)
#19 C:\Users\Chloe\Documents\Cours2A\Projet\site\MonkeFlip\public\index.php(37): CodeIgniter\CodeIgniter->run()
#20 {main}
