CRITICAL - 2022-03-28 06:48:27 --> Class "Web3\Web3" not found
#0 C:\Users\Chloe\Documents\Cours2A\Projet\site\MonkeFlip\system\Autoloader\Autoloader.php(264): include_once()
#1 C:\Users\Chloe\Documents\Cours2A\Projet\site\MonkeFlip\system\Autoloader\Autoloader.php(241): CodeIgniter\Autoloader\Autoloader->includeFile('C:\\Users\\Chloe\\...')
#2 C:\Users\Chloe\Documents\Cours2A\Projet\site\MonkeFlip\system\Autoloader\Autoloader.php(219): CodeIgniter\Autoloader\Autoloader->loadInNamespace('App\\Models\\main')
#3 [internal function]: CodeIgniter\Autoloader\Autoloader->loadClass('App\\Models\\main')
#4 C:\Users\Chloe\Documents\Cours2A\Projet\site\MonkeFlip\system\Config\Factories.php(136): class_exists('App\\Models\\main')
#5 C:\Users\Chloe\Documents\Cours2A\Projet\site\MonkeFlip\system\Config\Factories.php(106): CodeIgniter\Config\Factories::locateClass(Array, 'main')
#6 C:\Users\Chloe\Documents\Cours2A\Projet\site\MonkeFlip\system\Common.php(780): CodeIgniter\Config\Factories::__callStatic('models', Array)
#7 C:\Users\Chloe\Documents\Cours2A\Projet\site\MonkeFlip\app\Views\compte.php(12): model('main')
#8 C:\Users\Chloe\Documents\Cours2A\Projet\site\MonkeFlip\system\View\View.php(210): include('C:\\Users\\Chloe\\...')
#9 C:\Users\Chloe\Documents\Cours2A\Projet\site\MonkeFlip\system\View\View.php(213): CodeIgniter\View\View->CodeIgniter\View\{closure}()
#10 C:\Users\Chloe\Documents\Cours2A\Projet\site\MonkeFlip\system\Common.php(1089): CodeIgniter\View\View->render('compte', Array, true)
#11 C:\Users\Chloe\Documents\Cours2A\Projet\site\MonkeFlip\app\Views\template.php(24): view('compte')
#12 C:\Users\Chloe\Documents\Cours2A\Projet\site\MonkeFlip\system\View\View.php(210): include('C:\\Users\\Chloe\\...')
#13 C:\Users\Chloe\Documents\Cours2A\Projet\site\MonkeFlip\system\View\View.php(213): CodeIgniter\View\View->CodeIgniter\View\{closure}()
#14 C:\Users\Chloe\Documents\Cours2A\Projet\site\MonkeFlip\system\Common.php(1089): CodeIgniter\View\View->render('template', Array, true)
#15 C:\Users\Chloe\Documents\Cours2A\Projet\site\MonkeFlip\app\Controllers\Main_controlleur.php(55): view('template', Array)
#16 C:\Users\Chloe\Documents\Cours2A\Projet\site\MonkeFlip\system\CodeIgniter.php(832): App\Controllers\Main_controlleur->compte()
#17 C:\Users\Chloe\Documents\Cours2A\Projet\site\MonkeFlip\system\CodeIgniter.php(419): CodeIgniter\CodeIgniter->runController(Object(App\Controllers\Main_controlleur))
#18 C:\Users\Chloe\Documents\Cours2A\Projet\site\MonkeFlip\system\CodeIgniter.php(326): CodeIgniter\CodeIgniter->handleRequest(NULL, Object(Config\Cache), false)
#19 C:\Users\Chloe\Documents\Cours2A\Projet\site\MonkeFlip\public\index.php(37): CodeIgniter\CodeIgniter->run()
#20 {main}
CRITICAL - 2022-03-28 06:53:55 --> Class "Web3\Web3" not found
#0 C:\Users\Chloe\Documents\Cours2A\Projet\site\MonkeFlip\system\Autoloader\Autoloader.php(264): include_once()
#1 C:\Users\Chloe\Documents\Cours2A\Projet\site\MonkeFlip\system\Autoloader\Autoloader.php(241): CodeIgniter\Autoloader\Autoloader->includeFile('C:\\Users\\Chloe\\...')
#2 C:\Users\Chloe\Documents\Cours2A\Projet\site\MonkeFlip\system\Autoloader\Autoloader.php(219): CodeIgniter\Autoloader\Autoloader->loadInNamespace('App\\Models\\main')
#3 [internal function]: CodeIgniter\Autoloader\Autoloader->loadClass('App\\Models\\main')
#4 C:\Users\Chloe\Documents\Cours2A\Projet\site\MonkeFlip\system\Config\Factories.php(136): class_exists('App\\Models\\main')
#5 C:\Users\Chloe\Documents\Cours2A\Projet\site\MonkeFlip\system\Config\Factories.php(106): CodeIgniter\Config\Factories::locateClass(Array, 'main')
#6 C:\Users\Chloe\Documents\Cours2A\Projet\site\MonkeFlip\system\Common.php(780): CodeIgniter\Config\Factories::__callStatic('models', Array)
#7 C:\Users\Chloe\Documents\Cours2A\Projet\site\MonkeFlip\app\Views\compte.php(12): model('main')
#8 C:\Users\Chloe\Documents\Cours2A\Projet\site\MonkeFlip\system\View\View.php(210): include('C:\\Users\\Chloe\\...')
#9 C:\Users\Chloe\Documents\Cours2A\Projet\site\MonkeFlip\system\View\View.php(213): CodeIgniter\View\View->CodeIgniter\View\{closure}()
#10 C:\Users\Chloe\Documents\Cours2A\Projet\site\MonkeFlip\system\Common.php(1089): CodeIgniter\View\View->render('compte', Array, true)
#11 C:\Users\Chloe\Documents\Cours2A\Projet\site\MonkeFlip\app\Views\template.php(24): view('compte')
#12 C:\Users\Chloe\Documents\Cours2A\Projet\site\MonkeFlip\system\View\View.php(210): include('C:\\Users\\Chloe\\...')
#13 C:\Users\Chloe\Documents\Cours2A\Projet\site\MonkeFlip\system\View\View.php(213): CodeIgniter\View\View->CodeIgniter\View\{closure}()
#14 C:\Users\Chloe\Documents\Cours2A\Projet\site\MonkeFlip\system\Common.php(1089): CodeIgniter\View\View->render('template', Array, true)
#15 C:\Users\Chloe\Documents\Cours2A\Projet\site\MonkeFlip\app\Controllers\Main_controlleur.php(55): view('template', Array)
#16 C:\Users\Chloe\Documents\Cours2A\Projet\site\MonkeFlip\system\CodeIgniter.php(832): App\Controllers\Main_controlleur->compte()
#17 C:\Users\Chloe\Documents\Cours2A\Projet\site\MonkeFlip\system\CodeIgniter.php(419): CodeIgniter\CodeIgniter->runController(Object(App\Controllers\Main_controlleur))
#18 C:\Users\Chloe\Documents\Cours2A\Projet\site\MonkeFlip\system\CodeIgniter.php(326): CodeIgniter\CodeIgniter->handleRequest(NULL, Object(Config\Cache), false)
#19 C:\Users\Chloe\Documents\Cours2A\Projet\site\MonkeFlip\public\index.php(37): CodeIgniter\CodeIgniter->run()
#20 {main}
CRITICAL - 2022-03-28 07:01:42 --> Class "Web3\Web3" not found
#0 C:\Users\Chloe\Documents\Cours2A\Projet\site\MonkeFlip\system\Autoloader\Autoloader.php(264): include_once()
#1 C:\Users\Chloe\Documents\Cours2A\Projet\site\MonkeFlip\system\Autoloader\Autoloader.php(241): CodeIgniter\Autoloader\Autoloader->includeFile('C:\\Users\\Chloe\\...')
#2 C:\Users\Chloe\Documents\Cours2A\Projet\site\MonkeFlip\system\Autoloader\Autoloader.php(219): CodeIgniter\Autoloader\Autoloader->loadInNamespace('App\\Models\\main')
#3 [internal function]: CodeIgniter\Autoloader\Autoloader->loadClass('App\\Models\\main')
#4 C:\Users\Chloe\Documents\Cours2A\Projet\site\MonkeFlip\system\Config\Factories.php(136): class_exists('App\\Models\\main')
#5 C:\Users\Chloe\Documents\Cours2A\Projet\site\MonkeFlip\system\Config\Factories.php(106): CodeIgniter\Config\Factories::locateClass(Array, 'main')
#6 C:\Users\Chloe\Documents\Cours2A\Projet\site\MonkeFlip\system\Common.php(780): CodeIgniter\Config\Factories::__callStatic('models', Array)
#7 C:\Users\Chloe\Documents\Cours2A\Projet\site\MonkeFlip\app\Views\compte.php(12): model('main')
#8 C:\Users\Chloe\Documents\Cours2A\Projet\site\MonkeFlip\system\View\View.php(210): include('C:\\Users\\Chloe\\...')
#9 C:\Users\Chloe\Documents\Cours2A\Projet\site\MonkeFlip\system\View\View.php(213): CodeIgniter\View\View->CodeIgniter\View\{closure}()
#10 C:\Users\Chloe\Documents\Cours2A\Projet\site\MonkeFlip\system\Common.php(1089): CodeIgniter\View\View->render('compte', Array, true)
#11 C:\Users\Chloe\Documents\Cours2A\Projet\site\MonkeFlip\app\Views\template.php(24): view('compte')
#12 C:\Users\Chloe\Documents\Cours2A\Projet\site\MonkeFlip\system\View\View.php(210): include('C:\\Users\\Chloe\\...')
#13 C:\Users\Chloe\Documents\Cours2A\Projet\site\MonkeFlip\system\View\View.php(213): CodeIgniter\View\View->CodeIgniter\View\{closure}()
#14 C:\Users\Chloe\Documents\Cours2A\Projet\site\MonkeFlip\system\Common.php(1089): CodeIgniter\View\View->render('template', Array, true)
#15 C:\Users\Chloe\Documents\Cours2A\Projet\site\MonkeFlip\app\Controllers\Main_controlleur.php(55): view('template', Array)
#16 C:\Users\Chloe\Documents\Cours2A\Projet\site\MonkeFlip\system\CodeIgniter.php(832): App\Controllers\Main_controlleur->compte()
#17 C:\Users\Chloe\Documents\Cours2A\Projet\site\MonkeFlip\system\CodeIgniter.php(419): CodeIgniter\CodeIgniter->runController(Object(App\Controllers\Main_controlleur))
#18 C:\Users\Chloe\Documents\Cours2A\Projet\site\MonkeFlip\system\CodeIgniter.php(326): CodeIgniter\CodeIgniter->handleRequest(NULL, Object(Config\Cache), false)
#19 C:\Users\Chloe\Documents\Cours2A\Projet\site\MonkeFlip\public\index.php(37): CodeIgniter\CodeIgniter->run()
#20 {main}
CRITICAL - 2022-03-28 07:22:17 --> Class "Web3\Web3" not found
#0 C:\Users\Chloe\Documents\Cours2A\Projet\site\MonkeFlip\system\Autoloader\Autoloader.php(264): include_once()
#1 C:\Users\Chloe\Documents\Cours2A\Projet\site\MonkeFlip\system\Autoloader\Autoloader.php(241): CodeIgniter\Autoloader\Autoloader->includeFile('C:\\Users\\Chloe\\...')
#2 C:\Users\Chloe\Documents\Cours2A\Projet\site\MonkeFlip\system\Autoloader\Autoloader.php(219): CodeIgniter\Autoloader\Autoloader->loadInNamespace('App\\Models\\main')
#3 [internal function]: CodeIgniter\Autoloader\Autoloader->loadClass('App\\Models\\main')
#4 C:\Users\Chloe\Documents\Cours2A\Projet\site\MonkeFlip\system\Config\Factories.php(136): class_exists('App\\Models\\main')
#5 C:\Users\Chloe\Documents\Cours2A\Projet\site\MonkeFlip\system\Config\Factories.php(106): CodeIgniter\Config\Factories::locateClass(Array, 'main')
#6 C:\Users\Chloe\Documents\Cours2A\Projet\site\MonkeFlip\system\Common.php(780): CodeIgniter\Config\Factories::__callStatic('models', Array)
#7 C:\Users\Chloe\Documents\Cours2A\Projet\site\MonkeFlip\app\Views\compte.php(12): model('main')
#8 C:\Users\Chloe\Documents\Cours2A\Projet\site\MonkeFlip\system\View\View.php(210): include('C:\\Users\\Chloe\\...')
#9 C:\Users\Chloe\Documents\Cours2A\Projet\site\MonkeFlip\system\View\View.php(213): CodeIgniter\View\View->CodeIgniter\View\{closure}()
#10 C:\Users\Chloe\Documents\Cours2A\Projet\site\MonkeFlip\system\Common.php(1089): CodeIgniter\View\View->render('compte', Array, true)
#11 C:\Users\Chloe\Documents\Cours2A\Projet\site\MonkeFlip\app\Views\template.php(24): view('compte')
#12 C:\Users\Chloe\Documents\Cours2A\Projet\site\MonkeFlip\system\View\View.php(210): include('C:\\Users\\Chloe\\...')
#13 C:\Users\Chloe\Documents\Cours2A\Projet\site\MonkeFlip\system\View\View.php(213): CodeIgniter\View\View->CodeIgniter\View\{closure}()
#14 C:\Users\Chloe\Documents\Cours2A\Projet\site\MonkeFlip\system\Common.php(1089): CodeIgniter\View\View->render('template', Array, true)
#15 C:\Users\Chloe\Documents\Cours2A\Projet\site\MonkeFlip\app\Controllers\Main_controlleur.php(55): view('template', Array)
#16 C:\Users\Chloe\Documents\Cours2A\Projet\site\MonkeFlip\system\CodeIgniter.php(832): App\Controllers\Main_controlleur->compte()
#17 C:\Users\Chloe\Documents\Cours2A\Projet\site\MonkeFlip\system\CodeIgniter.php(419): CodeIgniter\CodeIgniter->runController(Object(App\Controllers\Main_controlleur))
#18 C:\Users\Chloe\Documents\Cours2A\Projet\site\MonkeFlip\system\CodeIgniter.php(326): CodeIgniter\CodeIgniter->handleRequest(NULL, Object(Config\Cache), false)
#19 C:\Users\Chloe\Documents\Cours2A\Projet\site\MonkeFlip\public\index.php(37): CodeIgniter\CodeIgniter->run()
#20 {main}
CRITICAL - 2022-03-28 07:29:33 --> require_once(http://localhost/public/vendor/autoload.php): Failed to open stream: HTTP request failed! HTTP/1.1 404 Not Found

#0 C:\Users\Chloe\Documents\Cours2A\Projet\site\MonkeFlip\app\Models\main.php(3): CodeIgniter\Debug\Exceptions->errorHandler(2, 'require_once(ht...', 'C:\\Users\\Chloe\\...', 3)
#1 C:\Users\Chloe\Documents\Cours2A\Projet\site\MonkeFlip\app\Models\main.php(3): require_once()
#2 C:\Users\Chloe\Documents\Cours2A\Projet\site\MonkeFlip\system\Autoloader\Autoloader.php(264): include_once('C:\\Users\\Chloe\\...')
#3 C:\Users\Chloe\Documents\Cours2A\Projet\site\MonkeFlip\system\Autoloader\Autoloader.php(241): CodeIgniter\Autoloader\Autoloader->includeFile('C:\\Users\\Chloe\\...')
#4 C:\Users\Chloe\Documents\Cours2A\Projet\site\MonkeFlip\system\Autoloader\Autoloader.php(219): CodeIgniter\Autoloader\Autoloader->loadInNamespace('App\\Models\\main')
#5 [internal function]: CodeIgniter\Autoloader\Autoloader->loadClass('App\\Models\\main')
#6 C:\Users\Chloe\Documents\Cours2A\Projet\site\MonkeFlip\system\Config\Factories.php(136): class_exists('App\\Models\\main')
#7 C:\Users\Chloe\Documents\Cours2A\Projet\site\MonkeFlip\system\Config\Factories.php(106): CodeIgniter\Config\Factories::locateClass(Array, 'main')
#8 C:\Users\Chloe\Documents\Cours2A\Projet\site\MonkeFlip\system\Common.php(780): CodeIgniter\Config\Factories::__callStatic('models', Array)
#9 C:\Users\Chloe\Documents\Cours2A\Projet\site\MonkeFlip\app\Views\compte.php(12): model('main')
#10 C:\Users\Chloe\Documents\Cours2A\Projet\site\MonkeFlip\system\View\View.php(210): include('C:\\Users\\Chloe\\...')
#11 C:\Users\Chloe\Documents\Cours2A\Projet\site\MonkeFlip\system\View\View.php(213): CodeIgniter\View\View->CodeIgniter\View\{closure}()
#12 C:\Users\Chloe\Documents\Cours2A\Projet\site\MonkeFlip\system\Common.php(1089): CodeIgniter\View\View->render('compte', Array, true)
#13 C:\Users\Chloe\Documents\Cours2A\Projet\site\MonkeFlip\app\Views\template.php(24): view('compte')
#14 C:\Users\Chloe\Documents\Cours2A\Projet\site\MonkeFlip\system\View\View.php(210): include('C:\\Users\\Chloe\\...')
#15 C:\Users\Chloe\Documents\Cours2A\Projet\site\MonkeFlip\system\View\View.php(213): CodeIgniter\View\View->CodeIgniter\View\{closure}()
#16 C:\Users\Chloe\Documents\Cours2A\Projet\site\MonkeFlip\system\Common.php(1089): CodeIgniter\View\View->render('template', Array, true)
#17 C:\Users\Chloe\Documents\Cours2A\Projet\site\MonkeFlip\app\Controllers\Main_controlleur.php(55): view('template', Array)
#18 C:\Users\Chloe\Documents\Cours2A\Projet\site\MonkeFlip\system\CodeIgniter.php(832): App\Controllers\Main_controlleur->compte()
#19 C:\Users\Chloe\Documents\Cours2A\Projet\site\MonkeFlip\system\CodeIgniter.php(419): CodeIgniter\CodeIgniter->runController(Object(App\Controllers\Main_controlleur))
#20 C:\Users\Chloe\Documents\Cours2A\Projet\site\MonkeFlip\system\CodeIgniter.php(326): CodeIgniter\CodeIgniter->handleRequest(NULL, Object(Config\Cache), false)
#21 C:\Users\Chloe\Documents\Cours2A\Projet\site\MonkeFlip\public\index.php(37): CodeIgniter\CodeIgniter->run()
#22 {main}
CRITICAL - 2022-03-28 07:29:52 --> Class "Web3\Web3" not found
#0 C:\Users\Chloe\Documents\Cours2A\Projet\site\MonkeFlip\system\Autoloader\Autoloader.php(264): include_once()
#1 C:\Users\Chloe\Documents\Cours2A\Projet\site\MonkeFlip\system\Autoloader\Autoloader.php(241): CodeIgniter\Autoloader\Autoloader->includeFile('C:\\Users\\Chloe\\...')
#2 C:\Users\Chloe\Documents\Cours2A\Projet\site\MonkeFlip\system\Autoloader\Autoloader.php(219): CodeIgniter\Autoloader\Autoloader->loadInNamespace('App\\Models\\main')
#3 [internal function]: CodeIgniter\Autoloader\Autoloader->loadClass('App\\Models\\main')
#4 C:\Users\Chloe\Documents\Cours2A\Projet\site\MonkeFlip\system\Config\Factories.php(136): class_exists('App\\Models\\main')
#5 C:\Users\Chloe\Documents\Cours2A\Projet\site\MonkeFlip\system\Config\Factories.php(106): CodeIgniter\Config\Factories::locateClass(Array, 'main')
#6 C:\Users\Chloe\Documents\Cours2A\Projet\site\MonkeFlip\system\Common.php(780): CodeIgniter\Config\Factories::__callStatic('models', Array)
#7 C:\Users\Chloe\Documents\Cours2A\Projet\site\MonkeFlip\app\Views\compte.php(12): model('main')
#8 C:\Users\Chloe\Documents\Cours2A\Projet\site\MonkeFlip\system\View\View.php(210): include('C:\\Users\\Chloe\\...')
#9 C:\Users\Chloe\Documents\Cours2A\Projet\site\MonkeFlip\system\View\View.php(213): CodeIgniter\View\View->CodeIgniter\View\{closure}()
#10 C:\Users\Chloe\Documents\Cours2A\Projet\site\MonkeFlip\system\Common.php(1089): CodeIgniter\View\View->render('compte', Array, true)
#11 C:\Users\Chloe\Documents\Cours2A\Projet\site\MonkeFlip\app\Views\template.php(24): view('compte')
#12 C:\Users\Chloe\Documents\Cours2A\Projet\site\MonkeFlip\system\View\View.php(210): include('C:\\Users\\Chloe\\...')
#13 C:\Users\Chloe\Documents\Cours2A\Projet\site\MonkeFlip\system\View\View.php(213): CodeIgniter\View\View->CodeIgniter\View\{closure}()
#14 C:\Users\Chloe\Documents\Cours2A\Projet\site\MonkeFlip\system\Common.php(1089): CodeIgniter\View\View->render('template', Array, true)
#15 C:\Users\Chloe\Documents\Cours2A\Projet\site\MonkeFlip\app\Controllers\Main_controlleur.php(55): view('template', Array)
#16 C:\Users\Chloe\Documents\Cours2A\Projet\site\MonkeFlip\system\CodeIgniter.php(832): App\Controllers\Main_controlleur->compte()
#17 C:\Users\Chloe\Documents\Cours2A\Projet\site\MonkeFlip\system\CodeIgniter.php(419): CodeIgniter\CodeIgniter->runController(Object(App\Controllers\Main_controlleur))
#18 C:\Users\Chloe\Documents\Cours2A\Projet\site\MonkeFlip\system\CodeIgniter.php(326): CodeIgniter\CodeIgniter->handleRequest(NULL, Object(Config\Cache), false)
#19 C:\Users\Chloe\Documents\Cours2A\Projet\site\MonkeFlip\public\index.php(37): CodeIgniter\CodeIgniter->run()
#20 {main}
CRITICAL - 2022-03-28 07:44:46 --> Undefined variable $abiMonkeFlip
#0 C:\Users\Chloe\Documents\Cours2A\Projet\site\MonkeFlip\app\Models\main.php(18): CodeIgniter\Debug\Exceptions->errorHandler(2, 'Undefined varia...', 'C:\\Users\\Chloe\\...', 18)
#1 C:\Users\Chloe\Documents\Cours2A\Projet\site\MonkeFlip\system\Autoloader\Autoloader.php(264): include_once('C:\\Users\\Chloe\\...')
#2 C:\Users\Chloe\Documents\Cours2A\Projet\site\MonkeFlip\system\Autoloader\Autoloader.php(241): CodeIgniter\Autoloader\Autoloader->includeFile('C:\\Users\\Chloe\\...')
#3 C:\Users\Chloe\Documents\Cours2A\Projet\site\MonkeFlip\system\Autoloader\Autoloader.php(219): CodeIgniter\Autoloader\Autoloader->loadInNamespace('App\\Models\\main')
#4 [internal function]: CodeIgniter\Autoloader\Autoloader->loadClass('App\\Models\\main')
#5 C:\Users\Chloe\Documents\Cours2A\Projet\site\MonkeFlip\system\Config\Factories.php(136): class_exists('App\\Models\\main')
#6 C:\Users\Chloe\Documents\Cours2A\Projet\site\MonkeFlip\system\Config\Factories.php(106): CodeIgniter\Config\Factories::locateClass(Array, 'main')
#7 C:\Users\Chloe\Documents\Cours2A\Projet\site\MonkeFlip\system\Common.php(780): CodeIgniter\Config\Factories::__callStatic('models', Array)
#8 C:\Users\Chloe\Documents\Cours2A\Projet\site\MonkeFlip\app\Views\compte.php(12): model('main')
#9 C:\Users\Chloe\Documents\Cours2A\Projet\site\MonkeFlip\system\View\View.php(210): include('C:\\Users\\Chloe\\...')
#10 C:\Users\Chloe\Documents\Cours2A\Projet\site\MonkeFlip\system\View\View.php(213): CodeIgniter\View\View->CodeIgniter\View\{closure}()
#11 C:\Users\Chloe\Documents\Cours2A\Projet\site\MonkeFlip\system\Common.php(1089): CodeIgniter\View\View->render('compte', Array, true)
#12 C:\Users\Chloe\Documents\Cours2A\Projet\site\MonkeFlip\app\Views\template.php(24): view('compte')
#13 C:\Users\Chloe\Documents\Cours2A\Projet\site\MonkeFlip\system\View\View.php(210): include('C:\\Users\\Chloe\\...')
#14 C:\Users\Chloe\Documents\Cours2A\Projet\site\MonkeFlip\system\View\View.php(213): CodeIgniter\View\View->CodeIgniter\View\{closure}()
#15 C:\Users\Chloe\Documents\Cours2A\Projet\site\MonkeFlip\system\Common.php(1089): CodeIgniter\View\View->render('template', Array, true)
#16 C:\Users\Chloe\Documents\Cours2A\Projet\site\MonkeFlip\app\Controllers\Main_controlleur.php(55): view('template', Array)
#17 C:\Users\Chloe\Documents\Cours2A\Projet\site\MonkeFlip\system\CodeIgniter.php(832): App\Controllers\Main_controlleur->compte()
#18 C:\Users\Chloe\Documents\Cours2A\Projet\site\MonkeFlip\system\CodeIgniter.php(419): CodeIgniter\CodeIgniter->runController(Object(App\Controllers\Main_controlleur))
#19 C:\Users\Chloe\Documents\Cours2A\Projet\site\MonkeFlip\system\CodeIgniter.php(326): CodeIgniter\CodeIgniter->handleRequest(NULL, Object(Config\Cache), false)
#20 C:\Users\Chloe\Documents\Cours2A\Projet\site\MonkeFlip\public\index.php(37): CodeIgniter\CodeIgniter->run()
#21 {main}
CRITICAL - 2022-03-28 07:44:49 --> Undefined variable $abiMonkeFlip
#0 C:\Users\Chloe\Documents\Cours2A\Projet\site\MonkeFlip\app\Models\main.php(18): CodeIgniter\Debug\Exceptions->errorHandler(2, 'Undefined varia...', 'C:\\Users\\Chloe\\...', 18)
#1 C:\Users\Chloe\Documents\Cours2A\Projet\site\MonkeFlip\system\Autoloader\Autoloader.php(264): include_once('C:\\Users\\Chloe\\...')
#2 C:\Users\Chloe\Documents\Cours2A\Projet\site\MonkeFlip\system\Autoloader\Autoloader.php(241): CodeIgniter\Autoloader\Autoloader->includeFile('C:\\Users\\Chloe\\...')
#3 C:\Users\Chloe\Documents\Cours2A\Projet\site\MonkeFlip\system\Autoloader\Autoloader.php(219): CodeIgniter\Autoloader\Autoloader->loadInNamespace('App\\Models\\main')
#4 [internal function]: CodeIgniter\Autoloader\Autoloader->loadClass('App\\Models\\main')
#5 C:\Users\Chloe\Documents\Cours2A\Projet\site\MonkeFlip\system\Config\Factories.php(136): class_exists('App\\Models\\main')
#6 C:\Users\Chloe\Documents\Cours2A\Projet\site\MonkeFlip\system\Config\Factories.php(106): CodeIgniter\Config\Factories::locateClass(Array, 'main')
#7 C:\Users\Chloe\Documents\Cours2A\Projet\site\MonkeFlip\system\Common.php(780): CodeIgniter\Config\Factories::__callStatic('models', Array)
#8 C:\Users\Chloe\Documents\Cours2A\Projet\site\MonkeFlip\app\Views\compte.php(12): model('main')
#9 C:\Users\Chloe\Documents\Cours2A\Projet\site\MonkeFlip\system\View\View.php(210): include('C:\\Users\\Chloe\\...')
#10 C:\Users\Chloe\Documents\Cours2A\Projet\site\MonkeFlip\system\View\View.php(213): CodeIgniter\View\View->CodeIgniter\View\{closure}()
#11 C:\Users\Chloe\Documents\Cours2A\Projet\site\MonkeFlip\system\Common.php(1089): CodeIgniter\View\View->render('compte', Array, true)
#12 C:\Users\Chloe\Documents\Cours2A\Projet\site\MonkeFlip\app\Views\template.php(24): view('compte')
#13 C:\Users\Chloe\Documents\Cours2A\Projet\site\MonkeFlip\system\View\View.php(210): include('C:\\Users\\Chloe\\...')
#14 C:\Users\Chloe\Documents\Cours2A\Projet\site\MonkeFlip\system\View\View.php(213): CodeIgniter\View\View->CodeIgniter\View\{closure}()
#15 C:\Users\Chloe\Documents\Cours2A\Projet\site\MonkeFlip\system\Common.php(1089): CodeIgniter\View\View->render('template', Array, true)
#16 C:\Users\Chloe\Documents\Cours2A\Projet\site\MonkeFlip\app\Controllers\Main_controlleur.php(55): view('template', Array)
#17 C:\Users\Chloe\Documents\Cours2A\Projet\site\MonkeFlip\system\CodeIgniter.php(832): App\Controllers\Main_controlleur->compte()
#18 C:\Users\Chloe\Documents\Cours2A\Projet\site\MonkeFlip\system\CodeIgniter.php(419): CodeIgniter\CodeIgniter->runController(Object(App\Controllers\Main_controlleur))
#19 C:\Users\Chloe\Documents\Cours2A\Projet\site\MonkeFlip\system\CodeIgniter.php(326): CodeIgniter\CodeIgniter->handleRequest(NULL, Object(Config\Cache), false)
#20 C:\Users\Chloe\Documents\Cours2A\Projet\site\MonkeFlip\public\index.php(37): CodeIgniter\CodeIgniter->run()
#21 {main}
CRITICAL - 2022-03-28 07:46:10 --> Too few arguments to function Utilisateur::__construct(), 1 passed in C:\Users\Chloe\Documents\Cours2A\Projet\site\MonkeFlip\system\Config\Factories.php on line 110 and exactly 5 expected
#0 C:\Users\Chloe\Documents\Cours2A\Projet\site\MonkeFlip\system\Config\Factories.php(110): Utilisateur->__construct(NULL)
#1 C:\Users\Chloe\Documents\Cours2A\Projet\site\MonkeFlip\system\Common.php(780): CodeIgniter\Config\Factories::__callStatic('models', Array)
#2 C:\Users\Chloe\Documents\Cours2A\Projet\site\MonkeFlip\app\Views\compte.php(12): model('main')
#3 C:\Users\Chloe\Documents\Cours2A\Projet\site\MonkeFlip\system\View\View.php(210): include('C:\\Users\\Chloe\\...')
#4 C:\Users\Chloe\Documents\Cours2A\Projet\site\MonkeFlip\system\View\View.php(213): CodeIgniter\View\View->CodeIgniter\View\{closure}()
#5 C:\Users\Chloe\Documents\Cours2A\Projet\site\MonkeFlip\system\Common.php(1089): CodeIgniter\View\View->render('compte', Array, true)
#6 C:\Users\Chloe\Documents\Cours2A\Projet\site\MonkeFlip\app\Views\template.php(24): view('compte')
#7 C:\Users\Chloe\Documents\Cours2A\Projet\site\MonkeFlip\system\View\View.php(210): include('C:\\Users\\Chloe\\...')
#8 C:\Users\Chloe\Documents\Cours2A\Projet\site\MonkeFlip\system\View\View.php(213): CodeIgniter\View\View->CodeIgniter\View\{closure}()
#9 C:\Users\Chloe\Documents\Cours2A\Projet\site\MonkeFlip\system\Common.php(1089): CodeIgniter\View\View->render('template', Array, true)
#10 C:\Users\Chloe\Documents\Cours2A\Projet\site\MonkeFlip\app\Controllers\Main_controlleur.php(55): view('template', Array)
#11 C:\Users\Chloe\Documents\Cours2A\Projet\site\MonkeFlip\system\CodeIgniter.php(832): App\Controllers\Main_controlleur->compte()
#12 C:\Users\Chloe\Documents\Cours2A\Projet\site\MonkeFlip\system\CodeIgniter.php(419): CodeIgniter\CodeIgniter->runController(Object(App\Controllers\Main_controlleur))
#13 C:\Users\Chloe\Documents\Cours2A\Projet\site\MonkeFlip\system\CodeIgniter.php(326): CodeIgniter\CodeIgniter->handleRequest(NULL, Object(Config\Cache), false)
#14 C:\Users\Chloe\Documents\Cours2A\Projet\site\MonkeFlip\public\index.php(37): CodeIgniter\CodeIgniter->run()
#15 {main}
CRITICAL - 2022-03-28 08:07:15 --> Web3\Providers\HttpProvider::__construct(): Argument #1 ($requestManager) must be of type Web3\RequestManagers\RequestManager, string given, called in C:\Users\Chloe\Documents\Cours2A\Projet\site\MonkeFlip\app\Models\main.php on line 10
#0 C:\Users\Chloe\Documents\Cours2A\Projet\site\MonkeFlip\app\Models\main.php(10): Web3\Providers\HttpProvider->__construct('https://bsc-dat...')
#1 C:\Users\Chloe\Documents\Cours2A\Projet\site\MonkeFlip\system\Autoloader\Autoloader.php(264): include_once('C:\\Users\\Chloe\\...')
#2 C:\Users\Chloe\Documents\Cours2A\Projet\site\MonkeFlip\system\Autoloader\Autoloader.php(241): CodeIgniter\Autoloader\Autoloader->includeFile('C:\\Users\\Chloe\\...')
#3 C:\Users\Chloe\Documents\Cours2A\Projet\site\MonkeFlip\system\Autoloader\Autoloader.php(219): CodeIgniter\Autoloader\Autoloader->loadInNamespace('App\\Models\\main')
#4 [internal function]: CodeIgniter\Autoloader\Autoloader->loadClass('App\\Models\\main')
#5 C:\Users\Chloe\Documents\Cours2A\Projet\site\MonkeFlip\system\Config\Factories.php(136): class_exists('App\\Models\\main')
#6 C:\Users\Chloe\Documents\Cours2A\Projet\site\MonkeFlip\system\Config\Factories.php(106): CodeIgniter\Config\Factories::locateClass(Array, 'main')
#7 C:\Users\Chloe\Documents\Cours2A\Projet\site\MonkeFlip\system\Common.php(780): CodeIgniter\Config\Factories::__callStatic('models', Array)
#8 C:\Users\Chloe\Documents\Cours2A\Projet\site\MonkeFlip\app\Views\compte.php(12): model('main')
#9 C:\Users\Chloe\Documents\Cours2A\Projet\site\MonkeFlip\system\View\View.php(210): include('C:\\Users\\Chloe\\...')
#10 C:\Users\Chloe\Documents\Cours2A\Projet\site\MonkeFlip\system\View\View.php(213): CodeIgniter\View\View->CodeIgniter\View\{closure}()
#11 C:\Users\Chloe\Documents\Cours2A\Projet\site\MonkeFlip\system\Common.php(1089): CodeIgniter\View\View->render('compte', Array, true)
#12 C:\Users\Chloe\Documents\Cours2A\Projet\site\MonkeFlip\app\Views\template.php(24): view('compte')
#13 C:\Users\Chloe\Documents\Cours2A\Projet\site\MonkeFlip\system\View\View.php(210): include('C:\\Users\\Chloe\\...')
#14 C:\Users\Chloe\Documents\Cours2A\Projet\site\MonkeFlip\system\View\View.php(213): CodeIgniter\View\View->CodeIgniter\View\{closure}()
#15 C:\Users\Chloe\Documents\Cours2A\Projet\site\MonkeFlip\system\Common.php(1089): CodeIgniter\View\View->render('template', Array, true)
#16 C:\Users\Chloe\Documents\Cours2A\Projet\site\MonkeFlip\app\Controllers\Main_controlleur.php(55): view('template', Array)
#17 C:\Users\Chloe\Documents\Cours2A\Projet\site\MonkeFlip\system\CodeIgniter.php(832): App\Controllers\Main_controlleur->compte()
#18 C:\Users\Chloe\Documents\Cours2A\Projet\site\MonkeFlip\system\CodeIgniter.php(419): CodeIgniter\CodeIgniter->runController(Object(App\Controllers\Main_controlleur))
#19 C:\Users\Chloe\Documents\Cours2A\Projet\site\MonkeFlip\system\CodeIgniter.php(326): CodeIgniter\CodeIgniter->handleRequest(NULL, Object(Config\Cache), false)
#20 C:\Users\Chloe\Documents\Cours2A\Projet\site\MonkeFlip\public\index.php(37): CodeIgniter\CodeIgniter->run()
#21 {main}
CRITICAL - 2022-03-28 08:30:00 --> cURL error 28: Resolving timed out after 1013 milliseconds (see https://curl.haxx.se/libcurl/c/libcurl-errors.html) for aaaaaa
#0 C:\Users\Chloe\Documents\Cours2A\Projet\site\MonkeFlip\vendor\guzzlehttp\guzzle\src\Handler\CurlFactory.php(158): GuzzleHttp\Handler\CurlFactory::createRejection(Object(GuzzleHttp\Handler\EasyHandle), Array)
#1 C:\Users\Chloe\Documents\Cours2A\Projet\site\MonkeFlip\vendor\guzzlehttp\guzzle\src\Handler\CurlFactory.php(110): GuzzleHttp\Handler\CurlFactory::finishError(Object(GuzzleHttp\Handler\CurlHandler), Object(GuzzleHttp\Handler\EasyHandle), Object(GuzzleHttp\Handler\CurlFactory))
#2 C:\Users\Chloe\Documents\Cours2A\Projet\site\MonkeFlip\vendor\guzzlehttp\guzzle\src\Handler\CurlHandler.php(47): GuzzleHttp\Handler\CurlFactory::finish(Object(GuzzleHttp\Handler\CurlHandler), Object(GuzzleHttp\Handler\EasyHandle), Object(GuzzleHttp\Handler\CurlFactory))
#3 C:\Users\Chloe\Documents\Cours2A\Projet\site\MonkeFlip\vendor\guzzlehttp\guzzle\src\Handler\Proxy.php(28): GuzzleHttp\Handler\CurlHandler->__invoke(Object(GuzzleHttp\Psr7\Request), Array)
#4 C:\Users\Chloe\Documents\Cours2A\Projet\site\MonkeFlip\vendor\guzzlehttp\guzzle\src\Handler\Proxy.php(48): GuzzleHttp\Handler\Proxy::GuzzleHttp\Handler\{closure}(Object(GuzzleHttp\Psr7\Request), Array)
#5 C:\Users\Chloe\Documents\Cours2A\Projet\site\MonkeFlip\vendor\guzzlehttp\guzzle\src\PrepareBodyMiddleware.php(64): GuzzleHttp\Handler\Proxy::GuzzleHttp\Handler\{closure}(Object(GuzzleHttp\Psr7\Request), Array)
#6 C:\Users\Chloe\Documents\Cours2A\Projet\site\MonkeFlip\vendor\guzzlehttp\guzzle\src\Middleware.php(31): GuzzleHttp\PrepareBodyMiddleware->__invoke(Object(GuzzleHttp\Psr7\Request), Array)
#7 C:\Users\Chloe\Documents\Cours2A\Projet\site\MonkeFlip\vendor\guzzlehttp\guzzle\src\RedirectMiddleware.php(71): GuzzleHttp\Middleware::GuzzleHttp\{closure}(Object(GuzzleHttp\Psr7\Request), Array)
#8 C:\Users\Chloe\Documents\Cours2A\Projet\site\MonkeFlip\vendor\guzzlehttp\guzzle\src\Middleware.php(63): GuzzleHttp\RedirectMiddleware->__invoke(Object(GuzzleHttp\Psr7\Request), Array)
#9 C:\Users\Chloe\Documents\Cours2A\Projet\site\MonkeFlip\vendor\guzzlehttp\guzzle\src\HandlerStack.php(75): GuzzleHttp\Middleware::GuzzleHttp\{closure}(Object(GuzzleHttp\Psr7\Request), Array)
#10 C:\Users\Chloe\Documents\Cours2A\Projet\site\MonkeFlip\vendor\guzzlehttp\guzzle\src\Client.php(331): GuzzleHttp\HandlerStack->__invoke(Object(GuzzleHttp\Psr7\Request), Array)
#11 C:\Users\Chloe\Documents\Cours2A\Projet\site\MonkeFlip\vendor\guzzlehttp\guzzle\src\Client.php(168): GuzzleHttp\Client->transfer(Object(GuzzleHttp\Psr7\Request), Array)
#12 C:\Users\Chloe\Documents\Cours2A\Projet\site\MonkeFlip\vendor\guzzlehttp\guzzle\src\Client.php(187): GuzzleHttp\Client->requestAsync('POST', Object(GuzzleHttp\Psr7\Uri), Array)
#13 C:\Users\Chloe\Documents\Cours2A\Projet\site\MonkeFlip\vendor\guzzlehttp\guzzle\src\ClientTrait.php(95): GuzzleHttp\Client->request('POST', 'aaaaaa', Array)
#14 C:\Users\Chloe\Documents\Cours2A\Projet\site\MonkeFlip\vendor\web3p\web3.php\src\RequestManagers\HttpRequestManager.php(65): GuzzleHttp\Client->post('aaaaaa', Array)
#15 C:\Users\Chloe\Documents\Cours2A\Projet\site\MonkeFlip\vendor\web3p\web3.php\src\Providers\HttpProvider.php(62): Web3\RequestManagers\HttpRequestManager->sendPayload('{"id":257049394...', Object(Closure))
#16 C:\Users\Chloe\Documents\Cours2A\Projet\site\MonkeFlip\vendor\web3p\web3.php\src\Eth.php(105): Web3\Providers\HttpProvider->send(Object(Web3\Methods\Eth\BlockNumber), Object(Closure))
#17 C:\Users\Chloe\Documents\Cours2A\Projet\site\MonkeFlip\app\Models\main.php(17): Web3\Eth->__call('blockNumber', Array)
#18 C:\Users\Chloe\Documents\Cours2A\Projet\site\MonkeFlip\system\Autoloader\Autoloader.php(264): include_once('C:\\Users\\Chloe\\...')
#19 C:\Users\Chloe\Documents\Cours2A\Projet\site\MonkeFlip\system\Autoloader\Autoloader.php(241): CodeIgniter\Autoloader\Autoloader->includeFile('C:\\Users\\Chloe\\...')
#20 C:\Users\Chloe\Documents\Cours2A\Projet\site\MonkeFlip\system\Autoloader\Autoloader.php(219): CodeIgniter\Autoloader\Autoloader->loadInNamespace('App\\Models\\main')
#21 [internal function]: CodeIgniter\Autoloader\Autoloader->loadClass('App\\Models\\main')
#22 C:\Users\Chloe\Documents\Cours2A\Projet\site\MonkeFlip\system\Config\Factories.php(136): class_exists('App\\Models\\main')
#23 C:\Users\Chloe\Documents\Cours2A\Projet\site\MonkeFlip\system\Config\Factories.php(106): CodeIgniter\Config\Factories::locateClass(Array, 'main')
#24 C:\Users\Chloe\Documents\Cours2A\Projet\site\MonkeFlip\system\Common.php(780): CodeIgniter\Config\Factories::__callStatic('models', Array)
#25 C:\Users\Chloe\Documents\Cours2A\Projet\site\MonkeFlip\app\Views\compte.php(12): model('main')
#26 C:\Users\Chloe\Documents\Cours2A\Projet\site\MonkeFlip\system\View\View.php(210): include('C:\\Users\\Chloe\\...')
#27 C:\Users\Chloe\Documents\Cours2A\Projet\site\MonkeFlip\system\View\View.php(213): CodeIgniter\View\View->CodeIgniter\View\{closure}()
#28 C:\Users\Chloe\Documents\Cours2A\Projet\site\MonkeFlip\system\Common.php(1089): CodeIgniter\View\View->render('compte', Array, true)
#29 C:\Users\Chloe\Documents\Cours2A\Projet\site\MonkeFlip\app\Views\template.php(24): view('compte')
#30 C:\Users\Chloe\Documents\Cours2A\Projet\site\MonkeFlip\system\View\View.php(210): include('C:\\Users\\Chloe\\...')
#31 C:\Users\Chloe\Documents\Cours2A\Projet\site\MonkeFlip\system\View\View.php(213): CodeIgniter\View\View->CodeIgniter\View\{closure}()
#32 C:\Users\Chloe\Documents\Cours2A\Projet\site\MonkeFlip\system\Common.php(1089): CodeIgniter\View\View->render('template', Array, true)
#33 C:\Users\Chloe\Documents\Cours2A\Projet\site\MonkeFlip\app\Controllers\Main_controlleur.php(55): view('template', Array)
#34 C:\Users\Chloe\Documents\Cours2A\Projet\site\MonkeFlip\system\CodeIgniter.php(832): App\Controllers\Main_controlleur->compte()
#35 C:\Users\Chloe\Documents\Cours2A\Projet\site\MonkeFlip\system\CodeIgniter.php(419): CodeIgniter\CodeIgniter->runController(Object(App\Controllers\Main_controlleur))
#36 C:\Users\Chloe\Documents\Cours2A\Projet\site\MonkeFlip\system\CodeIgniter.php(326): CodeIgniter\CodeIgniter->handleRequest(NULL, Object(Config\Cache), false)
#37 C:\Users\Chloe\Documents\Cours2A\Projet\site\MonkeFlip\public\index.php(37): CodeIgniter\CodeIgniter->run()
#38 {main}
CRITICAL - 2022-03-28 08:50:36 --> cURL error 28: Operation timed out after 1011 milliseconds with 0 out of 0 bytes received (see https://curl.haxx.se/libcurl/c/libcurl-errors.html) for https://mainnet.infura.io/v3/6e412cd44d4d424ea686e5edd7ef5203
#0 C:\Users\Chloe\Documents\Cours2A\Projet\site\MonkeFlip\vendor\guzzlehttp\guzzle\src\Handler\CurlFactory.php(158): GuzzleHttp\Handler\CurlFactory::createRejection(Object(GuzzleHttp\Handler\EasyHandle), Array)
#1 C:\Users\Chloe\Documents\Cours2A\Projet\site\MonkeFlip\vendor\guzzlehttp\guzzle\src\Handler\CurlFactory.php(110): GuzzleHttp\Handler\CurlFactory::finishError(Object(GuzzleHttp\Handler\CurlHandler), Object(GuzzleHttp\Handler\EasyHandle), Object(GuzzleHttp\Handler\CurlFactory))
#2 C:\Users\Chloe\Documents\Cours2A\Projet\site\MonkeFlip\vendor\guzzlehttp\guzzle\src\Handler\CurlHandler.php(47): GuzzleHttp\Handler\CurlFactory::finish(Object(GuzzleHttp\Handler\CurlHandler), Object(GuzzleHttp\Handler\EasyHandle), Object(GuzzleHttp\Handler\CurlFactory))
#3 C:\Users\Chloe\Documents\Cours2A\Projet\site\MonkeFlip\vendor\guzzlehttp\guzzle\src\Handler\Proxy.php(28): GuzzleHttp\Handler\CurlHandler->__invoke(Object(GuzzleHttp\Psr7\Request), Array)
#4 C:\Users\Chloe\Documents\Cours2A\Projet\site\MonkeFlip\vendor\guzzlehttp\guzzle\src\Handler\Proxy.php(48): GuzzleHttp\Handler\Proxy::GuzzleHttp\Handler\{closure}(Object(GuzzleHttp\Psr7\Request), Array)
#5 C:\Users\Chloe\Documents\Cours2A\Projet\site\MonkeFlip\vendor\guzzlehttp\guzzle\src\PrepareBodyMiddleware.php(64): GuzzleHttp\Handler\Proxy::GuzzleHttp\Handler\{closure}(Object(GuzzleHttp\Psr7\Request), Array)
#6 C:\Users\Chloe\Documents\Cours2A\Projet\site\MonkeFlip\vendor\guzzlehttp\guzzle\src\Middleware.php(31): GuzzleHttp\PrepareBodyMiddleware->__invoke(Object(GuzzleHttp\Psr7\Request), Array)
#7 C:\Users\Chloe\Documents\Cours2A\Projet\site\MonkeFlip\vendor\guzzlehttp\guzzle\src\RedirectMiddleware.php(71): GuzzleHttp\Middleware::GuzzleHttp\{closure}(Object(GuzzleHttp\Psr7\Request), Array)
#8 C:\Users\Chloe\Documents\Cours2A\Projet\site\MonkeFlip\vendor\guzzlehttp\guzzle\src\Middleware.php(63): GuzzleHttp\RedirectMiddleware->__invoke(Object(GuzzleHttp\Psr7\Request), Array)
#9 C:\Users\Chloe\Documents\Cours2A\Projet\site\MonkeFlip\vendor\guzzlehttp\guzzle\src\HandlerStack.php(75): GuzzleHttp\Middleware::GuzzleHttp\{closure}(Object(GuzzleHttp\Psr7\Request), Array)
#10 C:\Users\Chloe\Documents\Cours2A\Projet\site\MonkeFlip\vendor\guzzlehttp\guzzle\src\Client.php(331): GuzzleHttp\HandlerStack->__invoke(Object(GuzzleHttp\Psr7\Request), Array)
#11 C:\Users\Chloe\Documents\Cours2A\Projet\site\MonkeFlip\vendor\guzzlehttp\guzzle\src\Client.php(168): GuzzleHttp\Client->transfer(Object(GuzzleHttp\Psr7\Request), Array)
#12 C:\Users\Chloe\Documents\Cours2A\Projet\site\MonkeFlip\vendor\guzzlehttp\guzzle\src\Client.php(187): GuzzleHttp\Client->requestAsync('POST', Object(GuzzleHttp\Psr7\Uri), Array)
#13 C:\Users\Chloe\Documents\Cours2A\Projet\site\MonkeFlip\vendor\guzzlehttp\guzzle\src\ClientTrait.php(95): GuzzleHttp\Client->request('POST', 'https://mainnet...', Array)
#14 C:\Users\Chloe\Documents\Cours2A\Projet\site\MonkeFlip\vendor\web3p\web3.php\src\RequestManagers\HttpRequestManager.php(65): GuzzleHttp\Client->post('https://mainnet...', Array)
#15 C:\Users\Chloe\Documents\Cours2A\Projet\site\MonkeFlip\vendor\web3p\web3.php\src\Providers\HttpProvider.php(62): Web3\RequestManagers\HttpRequestManager->sendPayload('{"id":196487678...', Object(Closure))
#16 C:\Users\Chloe\Documents\Cours2A\Projet\site\MonkeFlip\vendor\web3p\web3.php\src\Eth.php(105): Web3\Providers\HttpProvider->send(Object(Web3\Methods\Eth\BlockNumber), Object(Closure))
#17 C:\Users\Chloe\Documents\Cours2A\Projet\site\MonkeFlip\app\Models\main.php(17): Web3\Eth->__call('blockNumber', Array)
#18 C:\Users\Chloe\Documents\Cours2A\Projet\site\MonkeFlip\system\Autoloader\Autoloader.php(264): include_once('C:\\Users\\Chloe\\...')
#19 C:\Users\Chloe\Documents\Cours2A\Projet\site\MonkeFlip\system\Autoloader\Autoloader.php(241): CodeIgniter\Autoloader\Autoloader->includeFile('C:\\Users\\Chloe\\...')
#20 C:\Users\Chloe\Documents\Cours2A\Projet\site\MonkeFlip\system\Autoloader\Autoloader.php(219): CodeIgniter\Autoloader\Autoloader->loadInNamespace('App\\Models\\main')
#21 [internal function]: CodeIgniter\Autoloader\Autoloader->loadClass('App\\Models\\main')
#22 C:\Users\Chloe\Documents\Cours2A\Projet\site\MonkeFlip\system\Config\Factories.php(136): class_exists('App\\Models\\main')
#23 C:\Users\Chloe\Documents\Cours2A\Projet\site\MonkeFlip\system\Config\Factories.php(106): CodeIgniter\Config\Factories::locateClass(Array, 'main')
#24 C:\Users\Chloe\Documents\Cours2A\Projet\site\MonkeFlip\system\Common.php(780): CodeIgniter\Config\Factories::__callStatic('models', Array)
#25 C:\Users\Chloe\Documents\Cours2A\Projet\site\MonkeFlip\app\Views\compte.php(12): model('main')
#26 C:\Users\Chloe\Documents\Cours2A\Projet\site\MonkeFlip\system\View\View.php(210): include('C:\\Users\\Chloe\\...')
#27 C:\Users\Chloe\Documents\Cours2A\Projet\site\MonkeFlip\system\View\View.php(213): CodeIgniter\View\View->CodeIgniter\View\{closure}()
#28 C:\Users\Chloe\Documents\Cours2A\Projet\site\MonkeFlip\system\Common.php(1089): CodeIgniter\View\View->render('compte', Array, true)
#29 C:\Users\Chloe\Documents\Cours2A\Projet\site\MonkeFlip\app\Views\template.php(24): view('compte')
#30 C:\Users\Chloe\Documents\Cours2A\Projet\site\MonkeFlip\system\View\View.php(210): include('C:\\Users\\Chloe\\...')
#31 C:\Users\Chloe\Documents\Cours2A\Projet\site\MonkeFlip\system\View\View.php(213): CodeIgniter\View\View->CodeIgniter\View\{closure}()
#32 C:\Users\Chloe\Documents\Cours2A\Projet\site\MonkeFlip\system\Common.php(1089): CodeIgniter\View\View->render('template', Array, true)
#33 C:\Users\Chloe\Documents\Cours2A\Projet\site\MonkeFlip\app\Controllers\Main_controlleur.php(55): view('template', Array)
#34 C:\Users\Chloe\Documents\Cours2A\Projet\site\MonkeFlip\system\CodeIgniter.php(832): App\Controllers\Main_controlleur->compte()
#35 C:\Users\Chloe\Documents\Cours2A\Projet\site\MonkeFlip\system\CodeIgniter.php(419): CodeIgniter\CodeIgniter->runController(Object(App\Controllers\Main_controlleur))
#36 C:\Users\Chloe\Documents\Cours2A\Projet\site\MonkeFlip\system\CodeIgniter.php(326): CodeIgniter\CodeIgniter->handleRequest(NULL, Object(Config\Cache), false)
#37 C:\Users\Chloe\Documents\Cours2A\Projet\site\MonkeFlip\public\index.php(37): CodeIgniter\CodeIgniter->run()
#38 {main}
