CRITICAL - 2022-03-22 02:15:57 --> Undefined property: CodeIgniter\View\View::$load
#0 C:\Users\Chloe\Documents\Cours2A\Projet\site\MonkeFlip\app\Views\compte.php(12): CodeIgniter\Debug\Exceptions->errorHandler(2, 'Undefined prope...', 'C:\\Users\\Chloe\\...', 12)
#1 C:\Users\Chloe\Documents\Cours2A\Projet\site\MonkeFlip\system\View\View.php(210): include('C:\\Users\\Chloe\\...')
#2 C:\Users\Chloe\Documents\Cours2A\Projet\site\MonkeFlip\system\View\View.php(213): CodeIgniter\View\View->CodeIgniter\View\{closure}()
#3 C:\Users\Chloe\Documents\Cours2A\Projet\site\MonkeFlip\system\Common.php(1089): CodeIgniter\View\View->render('compte', Array, true)
#4 C:\Users\Chloe\Documents\Cours2A\Projet\site\MonkeFlip\app\Views\template.php(24): view('compte')
#5 C:\Users\Chloe\Documents\Cours2A\Projet\site\MonkeFlip\system\View\View.php(210): include('C:\\Users\\Chloe\\...')
#6 C:\Users\Chloe\Documents\Cours2A\Projet\site\MonkeFlip\system\View\View.php(213): CodeIgniter\View\View->CodeIgniter\View\{closure}()
#7 C:\Users\Chloe\Documents\Cours2A\Projet\site\MonkeFlip\system\Common.php(1089): CodeIgniter\View\View->render('template', Array, true)
#8 C:\Users\Chloe\Documents\Cours2A\Projet\site\MonkeFlip\app\Controllers\Main_controlleur.php(55): view('template', Array)
#9 C:\Users\Chloe\Documents\Cours2A\Projet\site\MonkeFlip\system\CodeIgniter.php(832): App\Controllers\Main_controlleur->compte()
#10 C:\Users\Chloe\Documents\Cours2A\Projet\site\MonkeFlip\system\CodeIgniter.php(419): CodeIgniter\CodeIgniter->runController(Object(App\Controllers\Main_controlleur))
#11 C:\Users\Chloe\Documents\Cours2A\Projet\site\MonkeFlip\system\CodeIgniter.php(326): CodeIgniter\CodeIgniter->handleRequest(NULL, Object(Config\Cache), false)
#12 C:\Users\Chloe\Documents\Cours2A\Projet\site\MonkeFlip\public\index.php(37): CodeIgniter\CodeIgniter->run()
#13 {main}
CRITICAL - 2022-03-22 02:17:40 --> require_once(http://localhost/vendor/autoload.php): Failed to open stream: HTTP request failed! HTTP/1.1 404 Not Found

#0 C:\Users\Chloe\Documents\Cours2A\Projet\site\MonkeFlip\app\Models\main.php(3): CodeIgniter\Debug\Exceptions->errorHandler(2, 'require_once(ht...', 'C:\\Users\\Chloe\\...', 3)
#1 C:\Users\Chloe\Documents\Cours2A\Projet\site\MonkeFlip\app\Models\main.php(3): require_once()
#2 C:\Users\Chloe\Documents\Cours2A\Projet\site\MonkeFlip\system\Autoloader\Autoloader.php(264): include_once('C:\\Users\\Chloe\\...')
#3 C:\Users\Chloe\Documents\Cours2A\Projet\site\MonkeFlip\system\Autoloader\Autoloader.php(241): CodeIgniter\Autoloader\Autoloader->includeFile('C:\\Users\\Chloe\\...')
#4 C:\Users\Chloe\Documents\Cours2A\Projet\site\MonkeFlip\system\Autoloader\Autoloader.php(219): CodeIgniter\Autoloader\Autoloader->loadInNamespace('App\\Models\\main')
#5 [internal function]: CodeIgniter\Autoloader\Autoloader->loadClass('App\\Models\\main')
#6 C:\Users\Chloe\Documents\Cours2A\Projet\site\MonkeFlip\system\Config\Factories.php(136): class_exists('App\\Models\\main')
#7 C:\Users\Chloe\Documents\Cours2A\Projet\site\MonkeFlip\system\Config\Factories.php(106): CodeIgniter\Config\Factories::locateClass(Array, 'main')
#8 C:\Users\Chloe\Documents\Cours2A\Projet\site\MonkeFlip\system\Common.php(780): CodeIgniter\Config\Factories::__callStatic('models', Array)
#9 C:\Users\Chloe\Documents\Cours2A\Projet\site\MonkeFlip\app\Views\compte.php(12): model('main')
#10 C:\Users\Chloe\Documents\Cours2A\Projet\site\MonkeFlip\system\View\View.php(210): include('C:\\Users\\Chloe\\...')
#11 C:\Users\Chloe\Documents\Cours2A\Projet\site\MonkeFlip\system\View\View.php(213): CodeIgniter\View\View->CodeIgniter\View\{closure}()
#12 C:\Users\Chloe\Documents\Cours2A\Projet\site\MonkeFlip\system\Common.php(1089): CodeIgniter\View\View->render('compte', Array, true)
#13 C:\Users\Chloe\Documents\Cours2A\Projet\site\MonkeFlip\app\Views\template.php(24): view('compte')
#14 C:\Users\Chloe\Documents\Cours2A\Projet\site\MonkeFlip\system\View\View.php(210): include('C:\\Users\\Chloe\\...')
#15 C:\Users\Chloe\Documents\Cours2A\Projet\site\MonkeFlip\system\View\View.php(213): CodeIgniter\View\View->CodeIgniter\View\{closure}()
#16 C:\Users\Chloe\Documents\Cours2A\Projet\site\MonkeFlip\system\Common.php(1089): CodeIgniter\View\View->render('template', Array, true)
#17 C:\Users\Chloe\Documents\Cours2A\Projet\site\MonkeFlip\app\Controllers\Main_controlleur.php(55): view('template', Array)
#18 C:\Users\Chloe\Documents\Cours2A\Projet\site\MonkeFlip\system\CodeIgniter.php(832): App\Controllers\Main_controlleur->compte()
#19 C:\Users\Chloe\Documents\Cours2A\Projet\site\MonkeFlip\system\CodeIgniter.php(419): CodeIgniter\CodeIgniter->runController(Object(App\Controllers\Main_controlleur))
#20 C:\Users\Chloe\Documents\Cours2A\Projet\site\MonkeFlip\system\CodeIgniter.php(326): CodeIgniter\CodeIgniter->handleRequest(NULL, Object(Config\Cache), false)
#21 C:\Users\Chloe\Documents\Cours2A\Projet\site\MonkeFlip\public\index.php(37): CodeIgniter\CodeIgniter->run()
#22 {main}
CRITICAL - 2022-03-22 02:24:45 --> require_once(http://localhost/vendor/autoload.php): Failed to open stream: HTTP request failed! HTTP/1.1 404 Not Found

#0 C:\Users\Chloe\Documents\Cours2A\Projet\site\MonkeFlip\app\Models\main.php(3): CodeIgniter\Debug\Exceptions->errorHandler(2, 'require_once(ht...', 'C:\\Users\\Chloe\\...', 3)
#1 C:\Users\Chloe\Documents\Cours2A\Projet\site\MonkeFlip\app\Models\main.php(3): require_once()
#2 C:\Users\Chloe\Documents\Cours2A\Projet\site\MonkeFlip\system\Autoloader\Autoloader.php(264): include_once('C:\\Users\\Chloe\\...')
#3 C:\Users\Chloe\Documents\Cours2A\Projet\site\MonkeFlip\system\Autoloader\Autoloader.php(241): CodeIgniter\Autoloader\Autoloader->includeFile('C:\\Users\\Chloe\\...')
#4 C:\Users\Chloe\Documents\Cours2A\Projet\site\MonkeFlip\system\Autoloader\Autoloader.php(219): CodeIgniter\Autoloader\Autoloader->loadInNamespace('App\\Models\\main')
#5 [internal function]: CodeIgniter\Autoloader\Autoloader->loadClass('App\\Models\\main')
#6 C:\Users\Chloe\Documents\Cours2A\Projet\site\MonkeFlip\system\Config\Factories.php(136): class_exists('App\\Models\\main')
#7 C:\Users\Chloe\Documents\Cours2A\Projet\site\MonkeFlip\system\Config\Factories.php(106): CodeIgniter\Config\Factories::locateClass(Array, 'main')
#8 C:\Users\Chloe\Documents\Cours2A\Projet\site\MonkeFlip\system\Common.php(780): CodeIgniter\Config\Factories::__callStatic('models', Array)
#9 C:\Users\Chloe\Documents\Cours2A\Projet\site\MonkeFlip\app\Views\compte.php(12): model('main')
#10 C:\Users\Chloe\Documents\Cours2A\Projet\site\MonkeFlip\system\View\View.php(210): include('C:\\Users\\Chloe\\...')
#11 C:\Users\Chloe\Documents\Cours2A\Projet\site\MonkeFlip\system\View\View.php(213): CodeIgniter\View\View->CodeIgniter\View\{closure}()
#12 C:\Users\Chloe\Documents\Cours2A\Projet\site\MonkeFlip\system\Common.php(1089): CodeIgniter\View\View->render('compte', Array, true)
#13 C:\Users\Chloe\Documents\Cours2A\Projet\site\MonkeFlip\app\Views\template.php(24): view('compte')
#14 C:\Users\Chloe\Documents\Cours2A\Projet\site\MonkeFlip\system\View\View.php(210): include('C:\\Users\\Chloe\\...')
#15 C:\Users\Chloe\Documents\Cours2A\Projet\site\MonkeFlip\system\View\View.php(213): CodeIgniter\View\View->CodeIgniter\View\{closure}()
#16 C:\Users\Chloe\Documents\Cours2A\Projet\site\MonkeFlip\system\Common.php(1089): CodeIgniter\View\View->render('template', Array, true)
#17 C:\Users\Chloe\Documents\Cours2A\Projet\site\MonkeFlip\app\Controllers\Main_controlleur.php(55): view('template', Array)
#18 C:\Users\Chloe\Documents\Cours2A\Projet\site\MonkeFlip\system\CodeIgniter.php(832): App\Controllers\Main_controlleur->compte()
#19 C:\Users\Chloe\Documents\Cours2A\Projet\site\MonkeFlip\system\CodeIgniter.php(419): CodeIgniter\CodeIgniter->runController(Object(App\Controllers\Main_controlleur))
#20 C:\Users\Chloe\Documents\Cours2A\Projet\site\MonkeFlip\system\CodeIgniter.php(326): CodeIgniter\CodeIgniter->handleRequest(NULL, Object(Config\Cache), false)
#21 C:\Users\Chloe\Documents\Cours2A\Projet\site\MonkeFlip\public\index.php(37): CodeIgniter\CodeIgniter->run()
#22 {main}
CRITICAL - 2022-03-22 02:25:14 --> Class "Web3\Web3" not found
#0 C:\Users\Chloe\Documents\Cours2A\Projet\site\MonkeFlip\system\Autoloader\Autoloader.php(264): include_once()
#1 C:\Users\Chloe\Documents\Cours2A\Projet\site\MonkeFlip\system\Autoloader\Autoloader.php(241): CodeIgniter\Autoloader\Autoloader->includeFile('C:\\Users\\Chloe\\...')
#2 C:\Users\Chloe\Documents\Cours2A\Projet\site\MonkeFlip\system\Autoloader\Autoloader.php(219): CodeIgniter\Autoloader\Autoloader->loadInNamespace('App\\Models\\main')
#3 [internal function]: CodeIgniter\Autoloader\Autoloader->loadClass('App\\Models\\main')
#4 C:\Users\Chloe\Documents\Cours2A\Projet\site\MonkeFlip\system\Config\Factories.php(136): class_exists('App\\Models\\main')
#5 C:\Users\Chloe\Documents\Cours2A\Projet\site\MonkeFlip\system\Config\Factories.php(106): CodeIgniter\Config\Factories::locateClass(Array, 'main')
#6 C:\Users\Chloe\Documents\Cours2A\Projet\site\MonkeFlip\system\Common.php(780): CodeIgniter\Config\Factories::__callStatic('models', Array)
#7 C:\Users\Chloe\Documents\Cours2A\Projet\site\MonkeFlip\app\Views\compte.php(12): model('main')
#8 C:\Users\Chloe\Documents\Cours2A\Projet\site\MonkeFlip\system\View\View.php(210): include('C:\\Users\\Chloe\\...')
#9 C:\Users\Chloe\Documents\Cours2A\Projet\site\MonkeFlip\system\View\View.php(213): CodeIgniter\View\View->CodeIgniter\View\{closure}()
#10 C:\Users\Chloe\Documents\Cours2A\Projet\site\MonkeFlip\system\Common.php(1089): CodeIgniter\View\View->render('compte', Array, true)
#11 C:\Users\Chloe\Documents\Cours2A\Projet\site\MonkeFlip\app\Views\template.php(24): view('compte')
#12 C:\Users\Chloe\Documents\Cours2A\Projet\site\MonkeFlip\system\View\View.php(210): include('C:\\Users\\Chloe\\...')
#13 C:\Users\Chloe\Documents\Cours2A\Projet\site\MonkeFlip\system\View\View.php(213): CodeIgniter\View\View->CodeIgniter\View\{closure}()
#14 C:\Users\Chloe\Documents\Cours2A\Projet\site\MonkeFlip\system\Common.php(1089): CodeIgniter\View\View->render('template', Array, true)
#15 C:\Users\Chloe\Documents\Cours2A\Projet\site\MonkeFlip\app\Controllers\Main_controlleur.php(55): view('template', Array)
#16 C:\Users\Chloe\Documents\Cours2A\Projet\site\MonkeFlip\system\CodeIgniter.php(832): App\Controllers\Main_controlleur->compte()
#17 C:\Users\Chloe\Documents\Cours2A\Projet\site\MonkeFlip\system\CodeIgniter.php(419): CodeIgniter\CodeIgniter->runController(Object(App\Controllers\Main_controlleur))
#18 C:\Users\Chloe\Documents\Cours2A\Projet\site\MonkeFlip\system\CodeIgniter.php(326): CodeIgniter\CodeIgniter->handleRequest(NULL, Object(Config\Cache), false)
#19 C:\Users\Chloe\Documents\Cours2A\Projet\site\MonkeFlip\public\index.php(37): CodeIgniter\CodeIgniter->run()
#20 {main}
CRITICAL - 2022-03-22 02:26:02 --> Class "Web3\Web3" not found
#0 C:\Users\Chloe\Documents\Cours2A\Projet\site\MonkeFlip\system\Autoloader\Autoloader.php(264): include_once()
#1 C:\Users\Chloe\Documents\Cours2A\Projet\site\MonkeFlip\system\Autoloader\Autoloader.php(241): CodeIgniter\Autoloader\Autoloader->includeFile('C:\\Users\\Chloe\\...')
#2 C:\Users\Chloe\Documents\Cours2A\Projet\site\MonkeFlip\system\Autoloader\Autoloader.php(219): CodeIgniter\Autoloader\Autoloader->loadInNamespace('App\\Models\\main')
#3 [internal function]: CodeIgniter\Autoloader\Autoloader->loadClass('App\\Models\\main')
#4 C:\Users\Chloe\Documents\Cours2A\Projet\site\MonkeFlip\system\Config\Factories.php(136): class_exists('App\\Models\\main')
#5 C:\Users\Chloe\Documents\Cours2A\Projet\site\MonkeFlip\system\Config\Factories.php(106): CodeIgniter\Config\Factories::locateClass(Array, 'main')
#6 C:\Users\Chloe\Documents\Cours2A\Projet\site\MonkeFlip\system\Common.php(780): CodeIgniter\Config\Factories::__callStatic('models', Array)
#7 C:\Users\Chloe\Documents\Cours2A\Projet\site\MonkeFlip\app\Views\compte.php(12): model('main')
#8 C:\Users\Chloe\Documents\Cours2A\Projet\site\MonkeFlip\system\View\View.php(210): include('C:\\Users\\Chloe\\...')
#9 C:\Users\Chloe\Documents\Cours2A\Projet\site\MonkeFlip\system\View\View.php(213): CodeIgniter\View\View->CodeIgniter\View\{closure}()
#10 C:\Users\Chloe\Documents\Cours2A\Projet\site\MonkeFlip\system\Common.php(1089): CodeIgniter\View\View->render('compte', Array, true)
#11 C:\Users\Chloe\Documents\Cours2A\Projet\site\MonkeFlip\app\Views\template.php(24): view('compte')
#12 C:\Users\Chloe\Documents\Cours2A\Projet\site\MonkeFlip\system\View\View.php(210): include('C:\\Users\\Chloe\\...')
#13 C:\Users\Chloe\Documents\Cours2A\Projet\site\MonkeFlip\system\View\View.php(213): CodeIgniter\View\View->CodeIgniter\View\{closure}()
#14 C:\Users\Chloe\Documents\Cours2A\Projet\site\MonkeFlip\system\Common.php(1089): CodeIgniter\View\View->render('template', Array, true)
#15 C:\Users\Chloe\Documents\Cours2A\Projet\site\MonkeFlip\app\Controllers\Main_controlleur.php(55): view('template', Array)
#16 C:\Users\Chloe\Documents\Cours2A\Projet\site\MonkeFlip\system\CodeIgniter.php(832): App\Controllers\Main_controlleur->compte()
#17 C:\Users\Chloe\Documents\Cours2A\Projet\site\MonkeFlip\system\CodeIgniter.php(419): CodeIgniter\CodeIgniter->runController(Object(App\Controllers\Main_controlleur))
#18 C:\Users\Chloe\Documents\Cours2A\Projet\site\MonkeFlip\system\CodeIgniter.php(326): CodeIgniter\CodeIgniter->handleRequest(NULL, Object(Config\Cache), false)
#19 C:\Users\Chloe\Documents\Cours2A\Projet\site\MonkeFlip\public\index.php(37): CodeIgniter\CodeIgniter->run()
#20 {main}
CRITICAL - 2022-03-22 02:36:54 --> Class "Web3\Web3" not found
#0 C:\Users\Chloe\Documents\Cours2A\Projet\site\MonkeFlip\system\Autoloader\Autoloader.php(264): include_once()
#1 C:\Users\Chloe\Documents\Cours2A\Projet\site\MonkeFlip\system\Autoloader\Autoloader.php(241): CodeIgniter\Autoloader\Autoloader->includeFile('C:\\Users\\Chloe\\...')
#2 C:\Users\Chloe\Documents\Cours2A\Projet\site\MonkeFlip\system\Autoloader\Autoloader.php(219): CodeIgniter\Autoloader\Autoloader->loadInNamespace('App\\Models\\main')
#3 [internal function]: CodeIgniter\Autoloader\Autoloader->loadClass('App\\Models\\main')
#4 C:\Users\Chloe\Documents\Cours2A\Projet\site\MonkeFlip\system\Config\Factories.php(136): class_exists('App\\Models\\main')
#5 C:\Users\Chloe\Documents\Cours2A\Projet\site\MonkeFlip\system\Config\Factories.php(106): CodeIgniter\Config\Factories::locateClass(Array, 'main')
#6 C:\Users\Chloe\Documents\Cours2A\Projet\site\MonkeFlip\system\Common.php(780): CodeIgniter\Config\Factories::__callStatic('models', Array)
#7 C:\Users\Chloe\Documents\Cours2A\Projet\site\MonkeFlip\app\Views\compte.php(12): model('main')
#8 C:\Users\Chloe\Documents\Cours2A\Projet\site\MonkeFlip\system\View\View.php(210): include('C:\\Users\\Chloe\\...')
#9 C:\Users\Chloe\Documents\Cours2A\Projet\site\MonkeFlip\system\View\View.php(213): CodeIgniter\View\View->CodeIgniter\View\{closure}()
#10 C:\Users\Chloe\Documents\Cours2A\Projet\site\MonkeFlip\system\Common.php(1089): CodeIgniter\View\View->render('compte', Array, true)
#11 C:\Users\Chloe\Documents\Cours2A\Projet\site\MonkeFlip\app\Views\template.php(24): view('compte')
#12 C:\Users\Chloe\Documents\Cours2A\Projet\site\MonkeFlip\system\View\View.php(210): include('C:\\Users\\Chloe\\...')
#13 C:\Users\Chloe\Documents\Cours2A\Projet\site\MonkeFlip\system\View\View.php(213): CodeIgniter\View\View->CodeIgniter\View\{closure}()
#14 C:\Users\Chloe\Documents\Cours2A\Projet\site\MonkeFlip\system\Common.php(1089): CodeIgniter\View\View->render('template', Array, true)
#15 C:\Users\Chloe\Documents\Cours2A\Projet\site\MonkeFlip\app\Controllers\Main_controlleur.php(55): view('template', Array)
#16 C:\Users\Chloe\Documents\Cours2A\Projet\site\MonkeFlip\system\CodeIgniter.php(832): App\Controllers\Main_controlleur->compte()
#17 C:\Users\Chloe\Documents\Cours2A\Projet\site\MonkeFlip\system\CodeIgniter.php(419): CodeIgniter\CodeIgniter->runController(Object(App\Controllers\Main_controlleur))
#18 C:\Users\Chloe\Documents\Cours2A\Projet\site\MonkeFlip\system\CodeIgniter.php(326): CodeIgniter\CodeIgniter->handleRequest(NULL, Object(Config\Cache), false)
#19 C:\Users\Chloe\Documents\Cours2A\Projet\site\MonkeFlip\public\index.php(37): CodeIgniter\CodeIgniter->run()
#20 {main}
CRITICAL - 2022-03-22 02:38:10 --> Class "Web3\Web3" not found
#0 C:\Users\Chloe\Documents\Cours2A\Projet\site\MonkeFlip\system\Autoloader\Autoloader.php(264): include_once()
#1 C:\Users\Chloe\Documents\Cours2A\Projet\site\MonkeFlip\system\Autoloader\Autoloader.php(241): CodeIgniter\Autoloader\Autoloader->includeFile('C:\\Users\\Chloe\\...')
#2 C:\Users\Chloe\Documents\Cours2A\Projet\site\MonkeFlip\system\Autoloader\Autoloader.php(219): CodeIgniter\Autoloader\Autoloader->loadInNamespace('App\\Models\\main')
#3 [internal function]: CodeIgniter\Autoloader\Autoloader->loadClass('App\\Models\\main')
#4 C:\Users\Chloe\Documents\Cours2A\Projet\site\MonkeFlip\system\Config\Factories.php(136): class_exists('App\\Models\\main')
#5 C:\Users\Chloe\Documents\Cours2A\Projet\site\MonkeFlip\system\Config\Factories.php(106): CodeIgniter\Config\Factories::locateClass(Array, 'main')
#6 C:\Users\Chloe\Documents\Cours2A\Projet\site\MonkeFlip\system\Common.php(780): CodeIgniter\Config\Factories::__callStatic('models', Array)
#7 C:\Users\Chloe\Documents\Cours2A\Projet\site\MonkeFlip\app\Views\compte.php(12): model('main')
#8 C:\Users\Chloe\Documents\Cours2A\Projet\site\MonkeFlip\system\View\View.php(210): include('C:\\Users\\Chloe\\...')
#9 C:\Users\Chloe\Documents\Cours2A\Projet\site\MonkeFlip\system\View\View.php(213): CodeIgniter\View\View->CodeIgniter\View\{closure}()
#10 C:\Users\Chloe\Documents\Cours2A\Projet\site\MonkeFlip\system\Common.php(1089): CodeIgniter\View\View->render('compte', Array, true)
#11 C:\Users\Chloe\Documents\Cours2A\Projet\site\MonkeFlip\app\Views\template.php(24): view('compte')
#12 C:\Users\Chloe\Documents\Cours2A\Projet\site\MonkeFlip\system\View\View.php(210): include('C:\\Users\\Chloe\\...')
#13 C:\Users\Chloe\Documents\Cours2A\Projet\site\MonkeFlip\system\View\View.php(213): CodeIgniter\View\View->CodeIgniter\View\{closure}()
#14 C:\Users\Chloe\Documents\Cours2A\Projet\site\MonkeFlip\system\Common.php(1089): CodeIgniter\View\View->render('template', Array, true)
#15 C:\Users\Chloe\Documents\Cours2A\Projet\site\MonkeFlip\app\Controllers\Main_controlleur.php(55): view('template', Array)
#16 C:\Users\Chloe\Documents\Cours2A\Projet\site\MonkeFlip\system\CodeIgniter.php(832): App\Controllers\Main_controlleur->compte()
#17 C:\Users\Chloe\Documents\Cours2A\Projet\site\MonkeFlip\system\CodeIgniter.php(419): CodeIgniter\CodeIgniter->runController(Object(App\Controllers\Main_controlleur))
#18 C:\Users\Chloe\Documents\Cours2A\Projet\site\MonkeFlip\system\CodeIgniter.php(326): CodeIgniter\CodeIgniter->handleRequest(NULL, Object(Config\Cache), false)
#19 C:\Users\Chloe\Documents\Cours2A\Projet\site\MonkeFlip\public\index.php(37): CodeIgniter\CodeIgniter->run()
#20 {main}
CRITICAL - 2022-03-22 02:51:56 --> require_once(http://localhost/vendor/autoload.php): Failed to open stream: HTTP request failed! HTTP/1.1 404 Not Found

#0 C:\Users\Chloe\Documents\Cours2A\Projet\site\MonkeFlip\app\Models\main.php(3): CodeIgniter\Debug\Exceptions->errorHandler(2, 'require_once(ht...', 'C:\\Users\\Chloe\\...', 3)
#1 C:\Users\Chloe\Documents\Cours2A\Projet\site\MonkeFlip\app\Models\main.php(3): require_once()
#2 C:\Users\Chloe\Documents\Cours2A\Projet\site\MonkeFlip\system\Autoloader\Autoloader.php(264): include_once('C:\\Users\\Chloe\\...')
#3 C:\Users\Chloe\Documents\Cours2A\Projet\site\MonkeFlip\system\Autoloader\Autoloader.php(241): CodeIgniter\Autoloader\Autoloader->includeFile('C:\\Users\\Chloe\\...')
#4 C:\Users\Chloe\Documents\Cours2A\Projet\site\MonkeFlip\system\Autoloader\Autoloader.php(219): CodeIgniter\Autoloader\Autoloader->loadInNamespace('App\\Models\\main')
#5 [internal function]: CodeIgniter\Autoloader\Autoloader->loadClass('App\\Models\\main')
#6 C:\Users\Chloe\Documents\Cours2A\Projet\site\MonkeFlip\system\Config\Factories.php(136): class_exists('App\\Models\\main')
#7 C:\Users\Chloe\Documents\Cours2A\Projet\site\MonkeFlip\system\Config\Factories.php(106): CodeIgniter\Config\Factories::locateClass(Array, 'main')
#8 C:\Users\Chloe\Documents\Cours2A\Projet\site\MonkeFlip\system\Common.php(780): CodeIgniter\Config\Factories::__callStatic('models', Array)
#9 C:\Users\Chloe\Documents\Cours2A\Projet\site\MonkeFlip\app\Views\compte.php(12): model('main')
#10 C:\Users\Chloe\Documents\Cours2A\Projet\site\MonkeFlip\system\View\View.php(210): include('C:\\Users\\Chloe\\...')
#11 C:\Users\Chloe\Documents\Cours2A\Projet\site\MonkeFlip\system\View\View.php(213): CodeIgniter\View\View->CodeIgniter\View\{closure}()
#12 C:\Users\Chloe\Documents\Cours2A\Projet\site\MonkeFlip\system\Common.php(1089): CodeIgniter\View\View->render('compte', Array, true)
#13 C:\Users\Chloe\Documents\Cours2A\Projet\site\MonkeFlip\app\Views\template.php(24): view('compte')
#14 C:\Users\Chloe\Documents\Cours2A\Projet\site\MonkeFlip\system\View\View.php(210): include('C:\\Users\\Chloe\\...')
#15 C:\Users\Chloe\Documents\Cours2A\Projet\site\MonkeFlip\system\View\View.php(213): CodeIgniter\View\View->CodeIgniter\View\{closure}()
#16 C:\Users\Chloe\Documents\Cours2A\Projet\site\MonkeFlip\system\Common.php(1089): CodeIgniter\View\View->render('template', Array, true)
#17 C:\Users\Chloe\Documents\Cours2A\Projet\site\MonkeFlip\app\Controllers\Main_controlleur.php(55): view('template', Array)
#18 C:\Users\Chloe\Documents\Cours2A\Projet\site\MonkeFlip\system\CodeIgniter.php(832): App\Controllers\Main_controlleur->compte()
#19 C:\Users\Chloe\Documents\Cours2A\Projet\site\MonkeFlip\system\CodeIgniter.php(419): CodeIgniter\CodeIgniter->runController(Object(App\Controllers\Main_controlleur))
#20 C:\Users\Chloe\Documents\Cours2A\Projet\site\MonkeFlip\system\CodeIgniter.php(326): CodeIgniter\CodeIgniter->handleRequest(NULL, Object(Config\Cache), false)
#21 C:\Users\Chloe\Documents\Cours2A\Projet\site\MonkeFlip\public\index.php(37): CodeIgniter\CodeIgniter->run()
#22 {main}
CRITICAL - 2022-03-22 10:08:45 --> Class "Web3\Web3" not found
#0 C:\Users\Chloe\Documents\Cours2A\Projet\site\MonkeFlip\system\Autoloader\Autoloader.php(264): include_once()
#1 C:\Users\Chloe\Documents\Cours2A\Projet\site\MonkeFlip\system\Autoloader\Autoloader.php(241): CodeIgniter\Autoloader\Autoloader->includeFile('C:\\Users\\Chloe\\...')
#2 C:\Users\Chloe\Documents\Cours2A\Projet\site\MonkeFlip\system\Autoloader\Autoloader.php(219): CodeIgniter\Autoloader\Autoloader->loadInNamespace('App\\Models\\main')
#3 [internal function]: CodeIgniter\Autoloader\Autoloader->loadClass('App\\Models\\main')
#4 C:\Users\Chloe\Documents\Cours2A\Projet\site\MonkeFlip\system\Config\Factories.php(136): class_exists('App\\Models\\main')
#5 C:\Users\Chloe\Documents\Cours2A\Projet\site\MonkeFlip\system\Config\Factories.php(106): CodeIgniter\Config\Factories::locateClass(Array, 'main')
#6 C:\Users\Chloe\Documents\Cours2A\Projet\site\MonkeFlip\system\Common.php(780): CodeIgniter\Config\Factories::__callStatic('models', Array)
#7 C:\Users\Chloe\Documents\Cours2A\Projet\site\MonkeFlip\app\Views\compte.php(12): model('main')
#8 C:\Users\Chloe\Documents\Cours2A\Projet\site\MonkeFlip\system\View\View.php(210): include('C:\\Users\\Chloe\\...')
#9 C:\Users\Chloe\Documents\Cours2A\Projet\site\MonkeFlip\system\View\View.php(213): CodeIgniter\View\View->CodeIgniter\View\{closure}()
#10 C:\Users\Chloe\Documents\Cours2A\Projet\site\MonkeFlip\system\Common.php(1089): CodeIgniter\View\View->render('compte', Array, true)
#11 C:\Users\Chloe\Documents\Cours2A\Projet\site\MonkeFlip\app\Views\template.php(24): view('compte')
#12 C:\Users\Chloe\Documents\Cours2A\Projet\site\MonkeFlip\system\View\View.php(210): include('C:\\Users\\Chloe\\...')
#13 C:\Users\Chloe\Documents\Cours2A\Projet\site\MonkeFlip\system\View\View.php(213): CodeIgniter\View\View->CodeIgniter\View\{closure}()
#14 C:\Users\Chloe\Documents\Cours2A\Projet\site\MonkeFlip\system\Common.php(1089): CodeIgniter\View\View->render('template', Array, true)
#15 C:\Users\Chloe\Documents\Cours2A\Projet\site\MonkeFlip\app\Controllers\Main_controlleur.php(55): view('template', Array)
#16 C:\Users\Chloe\Documents\Cours2A\Projet\site\MonkeFlip\system\CodeIgniter.php(832): App\Controllers\Main_controlleur->compte()
#17 C:\Users\Chloe\Documents\Cours2A\Projet\site\MonkeFlip\system\CodeIgniter.php(419): CodeIgniter\CodeIgniter->runController(Object(App\Controllers\Main_controlleur))
#18 C:\Users\Chloe\Documents\Cours2A\Projet\site\MonkeFlip\system\CodeIgniter.php(326): CodeIgniter\CodeIgniter->handleRequest(NULL, Object(Config\Cache), false)
#19 C:\Users\Chloe\Documents\Cours2A\Projet\site\MonkeFlip\public\index.php(37): CodeIgniter\CodeIgniter->run()
#20 {main}
CRITICAL - 2022-03-22 14:21:51 --> Class "Web3\Web3" not found
#0 C:\Users\Chloe\Documents\Cours2A\Projet\site\MonkeFlip\system\Autoloader\Autoloader.php(264): include_once()
#1 C:\Users\Chloe\Documents\Cours2A\Projet\site\MonkeFlip\system\Autoloader\Autoloader.php(241): CodeIgniter\Autoloader\Autoloader->includeFile('C:\\Users\\Chloe\\...')
#2 C:\Users\Chloe\Documents\Cours2A\Projet\site\MonkeFlip\system\Autoloader\Autoloader.php(219): CodeIgniter\Autoloader\Autoloader->loadInNamespace('App\\Models\\main')
#3 [internal function]: CodeIgniter\Autoloader\Autoloader->loadClass('App\\Models\\main')
#4 C:\Users\Chloe\Documents\Cours2A\Projet\site\MonkeFlip\system\Config\Factories.php(136): class_exists('App\\Models\\main')
#5 C:\Users\Chloe\Documents\Cours2A\Projet\site\MonkeFlip\system\Config\Factories.php(106): CodeIgniter\Config\Factories::locateClass(Array, 'main')
#6 C:\Users\Chloe\Documents\Cours2A\Projet\site\MonkeFlip\system\Common.php(780): CodeIgniter\Config\Factories::__callStatic('models', Array)
#7 C:\Users\Chloe\Documents\Cours2A\Projet\site\MonkeFlip\app\Views\compte.php(12): model('main')
#8 C:\Users\Chloe\Documents\Cours2A\Projet\site\MonkeFlip\system\View\View.php(210): include('C:\\Users\\Chloe\\...')
#9 C:\Users\Chloe\Documents\Cours2A\Projet\site\MonkeFlip\system\View\View.php(213): CodeIgniter\View\View->CodeIgniter\View\{closure}()
#10 C:\Users\Chloe\Documents\Cours2A\Projet\site\MonkeFlip\system\Common.php(1089): CodeIgniter\View\View->render('compte', Array, true)
#11 C:\Users\Chloe\Documents\Cours2A\Projet\site\MonkeFlip\app\Views\template.php(24): view('compte')
#12 C:\Users\Chloe\Documents\Cours2A\Projet\site\MonkeFlip\system\View\View.php(210): include('C:\\Users\\Chloe\\...')
#13 C:\Users\Chloe\Documents\Cours2A\Projet\site\MonkeFlip\system\View\View.php(213): CodeIgniter\View\View->CodeIgniter\View\{closure}()
#14 C:\Users\Chloe\Documents\Cours2A\Projet\site\MonkeFlip\system\Common.php(1089): CodeIgniter\View\View->render('template', Array, true)
#15 C:\Users\Chloe\Documents\Cours2A\Projet\site\MonkeFlip\app\Controllers\Main_controlleur.php(55): view('template', Array)
#16 C:\Users\Chloe\Documents\Cours2A\Projet\site\MonkeFlip\system\CodeIgniter.php(832): App\Controllers\Main_controlleur->compte()
#17 C:\Users\Chloe\Documents\Cours2A\Projet\site\MonkeFlip\system\CodeIgniter.php(419): CodeIgniter\CodeIgniter->runController(Object(App\Controllers\Main_controlleur))
#18 C:\Users\Chloe\Documents\Cours2A\Projet\site\MonkeFlip\system\CodeIgniter.php(326): CodeIgniter\CodeIgniter->handleRequest(NULL, Object(Config\Cache), false)
#19 C:\Users\Chloe\Documents\Cours2A\Projet\site\MonkeFlip\public\index.php(37): CodeIgniter\CodeIgniter->run()
#20 {main}
